mode: set
github.com/robertpelloni/bobtrader/ultratrader-go/internal/analytics/arbitrage.go:25.60,26.18 1 1
github.com/robertpelloni/bobtrader/ultratrader-go/internal/analytics/arbitrage.go:26.18,28.3 1 0
github.com/robertpelloni/bobtrader/ultratrader-go/internal/analytics/arbitrage.go:29.2,31.3 1 1
github.com/robertpelloni/bobtrader/ultratrader-go/internal/analytics/arbitrage.go:35.113,36.34 1 1
github.com/robertpelloni/bobtrader/ultratrader-go/internal/analytics/arbitrage.go:36.34,38.3 1 0
github.com/robertpelloni/bobtrader/ultratrader-go/internal/analytics/arbitrage.go:39.2,39.31 1 1
github.com/robertpelloni/bobtrader/ultratrader-go/internal/analytics/arbitrage.go:39.31,41.3 1 0
github.com/robertpelloni/bobtrader/ultratrader-go/internal/analytics/arbitrage.go:44.2,54.34 6 1
github.com/robertpelloni/bobtrader/ultratrader-go/internal/analytics/arbitrage.go:54.34,56.41 1 1
github.com/robertpelloni/bobtrader/ultratrader-go/internal/analytics/arbitrage.go:56.41,58.4 1 0
github.com/robertpelloni/bobtrader/ultratrader-go/internal/analytics/arbitrage.go:59.3,61.22 3 1
github.com/robertpelloni/bobtrader/ultratrader-go/internal/analytics/arbitrage.go:64.2,68.28 3 1
github.com/robertpelloni/bobtrader/ultratrader-go/internal/analytics/arbitrage.go:68.28,71.3 2 1
github.com/robertpelloni/bobtrader/ultratrader-go/internal/analytics/arbitrage.go:72.2,78.22 4 1
github.com/robertpelloni/bobtrader/ultratrader-go/internal/analytics/arbitrage.go:78.22,80.3 1 1
github.com/robertpelloni/bobtrader/ultratrader-go/internal/analytics/arbitrage.go:82.2,90.8 1 1
github.com/robertpelloni/bobtrader/ultratrader-go/internal/analytics/arbitrage.go:95.98,98.33 1 1
github.com/robertpelloni/bobtrader/ultratrader-go/internal/analytics/arbitrage.go:98.33,100.3 1 1
github.com/robertpelloni/bobtrader/ultratrader-go/internal/analytics/arbitrage.go:104.2,104.34 1 1
github.com/robertpelloni/bobtrader/ultratrader-go/internal/analytics/arbitrage.go:104.34,106.3 1 1
github.com/robertpelloni/bobtrader/ultratrader-go/internal/analytics/arbitrage.go:109.2,109.42 1 1
github.com/robertpelloni/bobtrader/ultratrader-go/internal/analytics/arbitrage.go:109.42,111.3 1 1
github.com/robertpelloni/bobtrader/ultratrader-go/internal/analytics/arbitrage.go:113.2,113.15 1 0
github.com/robertpelloni/bobtrader/ultratrader-go/internal/analytics/arbitrage.go:117.58,121.30 3 1
github.com/robertpelloni/bobtrader/ultratrader-go/internal/analytics/arbitrage.go:121.30,127.3 5 1
github.com/robertpelloni/bobtrader/ultratrader-go/internal/analytics/arbitrage.go:129.2,132.22 3 1
github.com/robertpelloni/bobtrader/ultratrader-go/internal/analytics/arbitrage.go:132.22,134.3 1 0
github.com/robertpelloni/bobtrader/ultratrader-go/internal/analytics/arbitrage.go:135.2,135.32 1 1
github.com/robertpelloni/bobtrader/ultratrader-go/internal/analytics/orderflow.go:30.60,31.18 1 1
github.com/robertpelloni/bobtrader/ultratrader-go/internal/analytics/orderflow.go:31.18,33.3 1 0
github.com/robertpelloni/bobtrader/ultratrader-go/internal/analytics/orderflow.go:34.2,36.3 1 1
github.com/robertpelloni/bobtrader/ultratrader-go/internal/analytics/orderflow.go:40.141,41.71 1 1
github.com/robertpelloni/bobtrader/ultratrader-go/internal/analytics/orderflow.go:41.71,43.3 1 0
github.com/robertpelloni/bobtrader/ultratrader-go/internal/analytics/orderflow.go:45.2,45.30 1 1
github.com/robertpelloni/bobtrader/ultratrader-go/internal/analytics/orderflow.go:45.30,47.3 1 0
github.com/robertpelloni/bobtrader/ultratrader-go/internal/analytics/orderflow.go:49.2,52.35 3 1
github.com/robertpelloni/bobtrader/ultratrader-go/internal/analytics/orderflow.go:52.35,64.3 5 1
github.com/robertpelloni/bobtrader/ultratrader-go/internal/analytics/orderflow.go:68.2,81.36 9 1
github.com/robertpelloni/bobtrader/ultratrader-go/internal/analytics/orderflow.go:81.36,83.3 1 1
github.com/robertpelloni/bobtrader/ultratrader-go/internal/analytics/orderflow.go:87.2,87.36 1 0
github.com/robertpelloni/bobtrader/ultratrader-go/internal/analytics/orderflow.go:87.36,89.3 1 0
github.com/robertpelloni/bobtrader/ultratrader-go/internal/analytics/orderflow.go:91.2,91.35 1 0
github.com/robertpelloni/bobtrader/ultratrader-go/internal/analytics/patterns.go:30.68,31.23 1 1
github.com/robertpelloni/bobtrader/ultratrader-go/internal/analytics/patterns.go:31.23,33.3 1 0
github.com/robertpelloni/bobtrader/ultratrader-go/internal/analytics/patterns.go:34.2,36.3 1 1
github.com/robertpelloni/bobtrader/ultratrader-go/internal/analytics/patterns.go:40.68,43.22 2 1
github.com/robertpelloni/bobtrader/ultratrader-go/internal/analytics/patterns.go:43.22,45.3 1 0
github.com/robertpelloni/bobtrader/ultratrader-go/internal/analytics/patterns.go:47.2,50.16 3 1
github.com/robertpelloni/bobtrader/ultratrader-go/internal/analytics/patterns.go:53.78,54.45 1 1
github.com/robertpelloni/bobtrader/ultratrader-go/internal/analytics/patterns.go:54.45,56.3 1 0
github.com/robertpelloni/bobtrader/ultratrader-go/internal/analytics/patterns.go:57.2,58.42 2 1
github.com/robertpelloni/bobtrader/ultratrader-go/internal/analytics/patterns.go:58.42,59.22 1 1
github.com/robertpelloni/bobtrader/ultratrader-go/internal/analytics/patterns.go:59.22,61.4 1 1
github.com/robertpelloni/bobtrader/ultratrader-go/internal/analytics/patterns.go:63.2,63.13 1 1
github.com/robertpelloni/bobtrader/ultratrader-go/internal/analytics/patterns.go:66.80,67.45 1 1
github.com/robertpelloni/bobtrader/ultratrader-go/internal/analytics/patterns.go:67.45,69.3 1 0
github.com/robertpelloni/bobtrader/ultratrader-go/internal/analytics/patterns.go:70.2,71.42 2 1
github.com/robertpelloni/bobtrader/ultratrader-go/internal/analytics/patterns.go:71.42,72.22 1 1
github.com/robertpelloni/bobtrader/ultratrader-go/internal/analytics/patterns.go:72.22,74.4 1 1
github.com/robertpelloni/bobtrader/ultratrader-go/internal/analytics/patterns.go:76.2,76.13 1 1
github.com/robertpelloni/bobtrader/ultratrader-go/internal/analytics/patterns.go:80.101,81.47 1 1
github.com/robertpelloni/bobtrader/ultratrader-go/internal/analytics/patterns.go:81.47,82.34 1 1
github.com/robertpelloni/bobtrader/ultratrader-go/internal/analytics/patterns.go:82.34,84.4 1 1
github.com/robertpelloni/bobtrader/ultratrader-go/internal/analytics/patterns.go:85.3,85.36 1 1
github.com/robertpelloni/bobtrader/ultratrader-go/internal/analytics/patterns.go:85.36,87.4 1 1
github.com/robertpelloni/bobtrader/ultratrader-go/internal/analytics/patterns.go:89.2,89.8 1 1
github.com/robertpelloni/bobtrader/ultratrader-go/internal/analytics/patterns.go:92.87,97.36 3 1
github.com/robertpelloni/bobtrader/ultratrader-go/internal/analytics/patterns.go:97.36,101.30 2 1
github.com/robertpelloni/bobtrader/ultratrader-go/internal/analytics/patterns.go:101.30,102.12 1 1
github.com/robertpelloni/bobtrader/ultratrader-go/internal/analytics/patterns.go:105.3,108.29 3 1
github.com/robertpelloni/bobtrader/ultratrader-go/internal/analytics/patterns.go:108.29,111.30 2 1
github.com/robertpelloni/bobtrader/ultratrader-go/internal/analytics/patterns.go:111.30,112.27 1 1
github.com/robertpelloni/bobtrader/ultratrader-go/internal/analytics/patterns.go:112.27,114.6 1 1
github.com/robertpelloni/bobtrader/ultratrader-go/internal/analytics/patterns.go:118.4,119.31 2 1
github.com/robertpelloni/bobtrader/ultratrader-go/internal/analytics/patterns.go:119.31,122.23 2 1
github.com/robertpelloni/bobtrader/ultratrader-go/internal/analytics/patterns.go:122.23,124.6 1 0
github.com/robertpelloni/bobtrader/ultratrader-go/internal/analytics/patterns.go:126.5,130.7 1 1
github.com/robertpelloni/bobtrader/ultratrader-go/internal/analytics/patterns.go:136.2,136.38 1 1
github.com/robertpelloni/bobtrader/ultratrader-go/internal/analytics/patterns.go:136.38,139.30 2 1
github.com/robertpelloni/bobtrader/ultratrader-go/internal/analytics/patterns.go:139.30,140.12 1 1
github.com/robertpelloni/bobtrader/ultratrader-go/internal/analytics/patterns.go:143.3,146.29 3 0
github.com/robertpelloni/bobtrader/ultratrader-go/internal/analytics/patterns.go:146.29,149.30 2 0
github.com/robertpelloni/bobtrader/ultratrader-go/internal/analytics/patterns.go:149.30,150.25 1 0
github.com/robertpelloni/bobtrader/ultratrader-go/internal/analytics/patterns.go:150.25,152.6 1 0
github.com/robertpelloni/bobtrader/ultratrader-go/internal/analytics/patterns.go:155.4,156.31 2 0
github.com/robertpelloni/bobtrader/ultratrader-go/internal/analytics/patterns.go:156.31,158.23 2 0
github.com/robertpelloni/bobtrader/ultratrader-go/internal/analytics/patterns.go:158.23,160.6 1 0
github.com/robertpelloni/bobtrader/ultratrader-go/internal/analytics/patterns.go:162.5,166.7 1 0
github.com/robertpelloni/bobtrader/ultratrader-go/internal/analytics/patterns.go:171.2,171.16 1 1
github.com/robertpelloni/bobtrader/ultratrader-go/internal/analytics/patterns.go:174.83,178.20 3 1
github.com/robertpelloni/bobtrader/ultratrader-go/internal/analytics/patterns.go:178.20,180.3 1 1
github.com/robertpelloni/bobtrader/ultratrader-go/internal/analytics/patterns.go:183.2,183.36 1 1
github.com/robertpelloni/bobtrader/ultratrader-go/internal/analytics/patterns.go:183.36,188.63 3 1
github.com/robertpelloni/bobtrader/ultratrader-go/internal/analytics/patterns.go:188.63,191.30 2 1
github.com/robertpelloni/bobtrader/ultratrader-go/internal/analytics/patterns.go:191.30,199.5 2 1
github.com/robertpelloni/bobtrader/ultratrader-go/internal/analytics/patterns.go:203.2,203.16 1 1
github.com/robertpelloni/bobtrader/ultratrader-go/internal/analytics/patterns.go:206.16,208.2 1 0
github.com/robertpelloni/bobtrader/ultratrader-go/internal/analytics/correlation/matrix.go:14.62,15.20 1 1
github.com/robertpelloni/bobtrader/ultratrader-go/internal/analytics/correlation/matrix.go:15.20,17.3 1 0
github.com/robertpelloni/bobtrader/ultratrader-go/internal/analytics/correlation/matrix.go:18.2,21.3 1 1
github.com/robertpelloni/bobtrader/ultratrader-go/internal/analytics/correlation/matrix.go:25.69,28.45 2 1
github.com/robertpelloni/bobtrader/ultratrader-go/internal/analytics/correlation/matrix.go:28.45,30.3 1 1
github.com/robertpelloni/bobtrader/ultratrader-go/internal/analytics/correlation/matrix.go:35.38,37.11 2 1
github.com/robertpelloni/bobtrader/ultratrader-go/internal/analytics/correlation/matrix.go:37.11,39.3 1 1
github.com/robertpelloni/bobtrader/ultratrader-go/internal/analytics/correlation/matrix.go:42.2,46.25 4 1
github.com/robertpelloni/bobtrader/ultratrader-go/internal/analytics/correlation/matrix.go:46.25,52.3 5 1
github.com/robertpelloni/bobtrader/ultratrader-go/internal/analytics/correlation/matrix.go:54.2,58.22 4 1
github.com/robertpelloni/bobtrader/ultratrader-go/internal/analytics/correlation/matrix.go:58.22,60.3 1 0
github.com/robertpelloni/bobtrader/ultratrader-go/internal/analytics/correlation/matrix.go:61.2,61.32 1 1
github.com/robertpelloni/bobtrader/ultratrader-go/internal/analytics/correlation/matrix.go:66.59,70.28 3 1
github.com/robertpelloni/bobtrader/ultratrader-go/internal/analytics/correlation/matrix.go:70.28,71.30 1 1
github.com/robertpelloni/bobtrader/ultratrader-go/internal/analytics/correlation/matrix.go:71.30,73.4 1 1
github.com/robertpelloni/bobtrader/ultratrader-go/internal/analytics/correlation/matrix.go:76.2,76.36 1 1
github.com/robertpelloni/bobtrader/ultratrader-go/internal/analytics/correlation/matrix.go:76.36,77.41 1 1
github.com/robertpelloni/bobtrader/ultratrader-go/internal/analytics/correlation/matrix.go:77.41,83.13 4 1
github.com/robertpelloni/bobtrader/ultratrader-go/internal/analytics/correlation/matrix.go:83.13,84.13 1 0
github.com/robertpelloni/bobtrader/ultratrader-go/internal/analytics/correlation/matrix.go:88.4,91.22 3 1
github.com/robertpelloni/bobtrader/ultratrader-go/internal/analytics/correlation/matrix.go:95.2,95.15 1 1
github.com/robertpelloni/bobtrader/ultratrader-go/internal/analytics/correlation/matrix.go:100.61,102.28 2 1
github.com/robertpelloni/bobtrader/ultratrader-go/internal/analytics/correlation/matrix.go:102.28,104.3 1 1
github.com/robertpelloni/bobtrader/ultratrader-go/internal/analytics/correlation/matrix.go:106.2,107.36 2 1
github.com/robertpelloni/bobtrader/ultratrader-go/internal/analytics/correlation/matrix.go:107.36,109.3 1 1
github.com/robertpelloni/bobtrader/ultratrader-go/internal/analytics/correlation/matrix.go:111.2,112.23 2 1
github.com/robertpelloni/bobtrader/ultratrader-go/internal/analytics/correlation/matrix.go:116.42,117.21 1 1
github.com/robertpelloni/bobtrader/ultratrader-go/internal/analytics/correlation/matrix.go:117.21,119.3 1 0
github.com/robertpelloni/bobtrader/ultratrader-go/internal/analytics/correlation/matrix.go:120.2,121.35 2 1
github.com/robertpelloni/bobtrader/ultratrader-go/internal/analytics/correlation/matrix.go:121.35,122.23 1 1
github.com/robertpelloni/bobtrader/ultratrader-go/internal/analytics/correlation/matrix.go:122.23,124.4 1 1
github.com/robertpelloni/bobtrader/ultratrader-go/internal/analytics/correlation/matrix.go:126.2,126.12 1 1
github.com/robertpelloni/bobtrader/ultratrader-go/internal/analytics/correlation/matrix.go:137.58,141.38 3 1
github.com/robertpelloni/bobtrader/ultratrader-go/internal/analytics/correlation/matrix.go:141.38,144.25 2 1
github.com/robertpelloni/bobtrader/ultratrader-go/internal/analytics/correlation/matrix.go:144.25,145.16 1 1
github.com/robertpelloni/bobtrader/ultratrader-go/internal/analytics/correlation/matrix.go:145.16,148.10 3 1
github.com/robertpelloni/bobtrader/ultratrader-go/internal/analytics/correlation/matrix.go:151.3,155.5 1 1
github.com/robertpelloni/bobtrader/ultratrader-go/internal/analytics/correlation/matrix.go:157.2,157.14 1 1
github.com/robertpelloni/bobtrader/ultratrader-go/internal/analytics/correlation/matrix.go:161.49,163.28 2 1
github.com/robertpelloni/bobtrader/ultratrader-go/internal/analytics/correlation/matrix.go:163.28,165.3 1 1
github.com/robertpelloni/bobtrader/ultratrader-go/internal/analytics/correlation/matrix.go:166.2,166.16 1 1
github.com/robertpelloni/bobtrader/ultratrader-go/internal/analytics/correlation/matrix.go:169.24,170.11 1 1
github.com/robertpelloni/bobtrader/ultratrader-go/internal/analytics/correlation/matrix.go:170.11,172.3 1 0
github.com/robertpelloni/bobtrader/ultratrader-go/internal/analytics/correlation/matrix.go:173.2,173.10 1 1
github.com/robertpelloni/bobtrader/ultratrader-go/internal/analytics/features/extractor.go:37.58,46.2 1 1
github.com/robertpelloni/bobtrader/ultratrader-go/internal/analytics/features/extractor.go:49.58,63.28 10 1
github.com/robertpelloni/bobtrader/ultratrader-go/internal/analytics/features/extractor.go:63.28,66.3 2 0
github.com/robertpelloni/bobtrader/ultratrader-go/internal/analytics/features/extractor.go:69.2,71.34 2 1
github.com/robertpelloni/bobtrader/ultratrader-go/internal/analytics/features/extractor.go:71.34,74.3 2 1
github.com/robertpelloni/bobtrader/ultratrader-go/internal/analytics/features/extractor.go:75.2,75.34 1 1
github.com/robertpelloni/bobtrader/ultratrader-go/internal/analytics/features/extractor.go:75.34,78.3 2 1
github.com/robertpelloni/bobtrader/ultratrader-go/internal/analytics/features/extractor.go:81.2,84.24 2 1
github.com/robertpelloni/bobtrader/ultratrader-go/internal/analytics/features/extractor.go:84.24,86.20 2 1
github.com/robertpelloni/bobtrader/ultratrader-go/internal/analytics/features/extractor.go:86.20,88.4 1 1
github.com/robertpelloni/bobtrader/ultratrader-go/internal/analytics/features/extractor.go:90.2,90.24 1 1
github.com/robertpelloni/bobtrader/ultratrader-go/internal/analytics/features/extractor.go:90.24,92.21 2 1
github.com/robertpelloni/bobtrader/ultratrader-go/internal/analytics/features/extractor.go:92.21,94.4 1 1
github.com/robertpelloni/bobtrader/ultratrader-go/internal/analytics/features/extractor.go:96.2,96.25 1 1
github.com/robertpelloni/bobtrader/ultratrader-go/internal/analytics/features/extractor.go:96.25,98.22 2 1
github.com/robertpelloni/bobtrader/ultratrader-go/internal/analytics/features/extractor.go:98.22,100.4 1 1
github.com/robertpelloni/bobtrader/ultratrader-go/internal/analytics/features/extractor.go:104.2,104.36 1 1
github.com/robertpelloni/bobtrader/ultratrader-go/internal/analytics/features/extractor.go:104.36,107.46 3 1
github.com/robertpelloni/bobtrader/ultratrader-go/internal/analytics/features/extractor.go:107.46,108.25 1 1
github.com/robertpelloni/bobtrader/ultratrader-go/internal/analytics/features/extractor.go:108.25,110.5 1 1
github.com/robertpelloni/bobtrader/ultratrader-go/internal/analytics/features/extractor.go:112.3,112.43 1 1
github.com/robertpelloni/bobtrader/ultratrader-go/internal/analytics/features/extractor.go:116.2,117.43 2 1
github.com/robertpelloni/bobtrader/ultratrader-go/internal/analytics/features/extractor.go:117.43,119.3 1 1
github.com/robertpelloni/bobtrader/ultratrader-go/internal/analytics/features/extractor.go:122.2,122.39 1 1
github.com/robertpelloni/bobtrader/ultratrader-go/internal/analytics/features/extractor.go:122.39,125.3 2 1
github.com/robertpelloni/bobtrader/ultratrader-go/internal/analytics/features/extractor.go:128.2,128.30 1 1
github.com/robertpelloni/bobtrader/ultratrader-go/internal/analytics/features/extractor.go:128.30,131.3 2 1
github.com/robertpelloni/bobtrader/ultratrader-go/internal/analytics/features/extractor.go:133.2,133.17 1 1
github.com/robertpelloni/bobtrader/ultratrader-go/internal/analytics/features/extractor.go:137.38,144.2 1 1
github.com/robertpelloni/bobtrader/ultratrader-go/internal/analytics/features/extractor.go:154.83,159.28 4 1
github.com/robertpelloni/bobtrader/ultratrader-go/internal/analytics/features/extractor.go:159.28,162.32 3 1
github.com/robertpelloni/bobtrader/ultratrader-go/internal/analytics/features/extractor.go:162.32,164.4 1 1
github.com/robertpelloni/bobtrader/ultratrader-go/internal/analytics/features/extractor.go:165.3,165.27 1 1
github.com/robertpelloni/bobtrader/ultratrader-go/internal/analytics/features/extractor.go:168.2,171.3 1 1
github.com/robertpelloni/bobtrader/ultratrader-go/internal/analytics/features/extractor.go:174.39,175.21 1 1
github.com/robertpelloni/bobtrader/ultratrader-go/internal/analytics/features/extractor.go:175.21,177.3 1 0
github.com/robertpelloni/bobtrader/ultratrader-go/internal/analytics/features/extractor.go:178.2,179.27 2 1
github.com/robertpelloni/bobtrader/ultratrader-go/internal/analytics/features/extractor.go:179.27,181.3 1 1
github.com/robertpelloni/bobtrader/ultratrader-go/internal/analytics/features/extractor.go:182.2,185.27 3 1
github.com/robertpelloni/bobtrader/ultratrader-go/internal/analytics/features/extractor.go:185.27,188.3 2 1
github.com/robertpelloni/bobtrader/ultratrader-go/internal/analytics/features/extractor.go:189.2,190.28 2 1
github.com/robertpelloni/bobtrader/ultratrader-go/internal/analytics/journal/journal.go:72.21,77.2 1 1
github.com/robertpelloni/bobtrader/ultratrader-go/internal/analytics/journal/journal.go:80.45,84.30 3 1
github.com/robertpelloni/bobtrader/ultratrader-go/internal/analytics/journal/journal.go:84.30,86.3 1 1
github.com/robertpelloni/bobtrader/ultratrader-go/internal/analytics/journal/journal.go:87.2,87.20 1 1
github.com/robertpelloni/bobtrader/ultratrader-go/internal/analytics/journal/journal.go:87.20,89.3 1 1
github.com/robertpelloni/bobtrader/ultratrader-go/internal/analytics/journal/journal.go:90.2,93.25 2 1
github.com/robertpelloni/bobtrader/ultratrader-go/internal/analytics/journal/journal.go:93.25,95.3 1 1
github.com/robertpelloni/bobtrader/ultratrader-go/internal/analytics/journal/journal.go:97.2,97.14 1 1
github.com/robertpelloni/bobtrader/ultratrader-go/internal/analytics/journal/journal.go:101.51,103.30 2 1
github.com/robertpelloni/bobtrader/ultratrader-go/internal/analytics/journal/journal.go:103.30,104.27 1 1
github.com/robertpelloni/bobtrader/ultratrader-go/internal/analytics/journal/journal.go:104.27,105.12 1 1
github.com/robertpelloni/bobtrader/ultratrader-go/internal/analytics/journal/journal.go:107.3,107.20 1 1
github.com/robertpelloni/bobtrader/ultratrader-go/internal/analytics/journal/journal.go:107.20,109.4 1 1
github.com/robertpelloni/bobtrader/ultratrader-go/internal/analytics/journal/journal.go:109.9,109.28 1 1
github.com/robertpelloni/bobtrader/ultratrader-go/internal/analytics/journal/journal.go:109.28,111.4 1 1
github.com/robertpelloni/bobtrader/ultratrader-go/internal/analytics/journal/journal.go:115.2,115.38 1 1
github.com/robertpelloni/bobtrader/ultratrader-go/internal/analytics/journal/journal.go:115.38,122.26 6 1
github.com/robertpelloni/bobtrader/ultratrader-go/internal/analytics/journal/journal.go:122.26,124.4 1 0
github.com/robertpelloni/bobtrader/ultratrader-go/internal/analytics/journal/journal.go:126.3,141.37 3 1
github.com/robertpelloni/bobtrader/ultratrader-go/internal/analytics/journal/journal.go:146.37,152.2 5 1
github.com/robertpelloni/bobtrader/ultratrader-go/internal/analytics/journal/journal.go:155.46,161.2 5 1
github.com/robertpelloni/bobtrader/ultratrader-go/internal/analytics/journal/journal.go:164.44,168.2 3 1
github.com/robertpelloni/bobtrader/ultratrader-go/internal/analytics/journal/journal.go:171.64,176.29 4 1
github.com/robertpelloni/bobtrader/ultratrader-go/internal/analytics/journal/journal.go:176.29,177.32 1 1
github.com/robertpelloni/bobtrader/ultratrader-go/internal/analytics/journal/journal.go:177.32,179.4 1 1
github.com/robertpelloni/bobtrader/ultratrader-go/internal/analytics/journal/journal.go:181.2,181.31 1 1
github.com/robertpelloni/bobtrader/ultratrader-go/internal/analytics/journal/journal.go:185.69,190.29 4 1
github.com/robertpelloni/bobtrader/ultratrader-go/internal/analytics/journal/journal.go:190.29,191.29 1 1
github.com/robertpelloni/bobtrader/ultratrader-go/internal/analytics/journal/journal.go:191.29,193.4 1 1
github.com/robertpelloni/bobtrader/ultratrader-go/internal/analytics/journal/journal.go:195.2,195.31 1 1
github.com/robertpelloni/bobtrader/ultratrader-go/internal/analytics/journal/journal.go:199.42,200.20 1 1
github.com/robertpelloni/bobtrader/ultratrader-go/internal/analytics/journal/journal.go:200.20,202.3 1 1
github.com/robertpelloni/bobtrader/ultratrader-go/internal/analytics/journal/journal.go:204.2,207.27 3 1
github.com/robertpelloni/bobtrader/ultratrader-go/internal/analytics/journal/journal.go:207.27,209.24 2 1
github.com/robertpelloni/bobtrader/ultratrader-go/internal/analytics/journal/journal.go:209.24,211.4 1 1
github.com/robertpelloni/bobtrader/ultratrader-go/internal/analytics/journal/journal.go:212.3,213.17 2 1
github.com/robertpelloni/bobtrader/ultratrader-go/internal/analytics/journal/journal.go:213.17,215.4 1 1
github.com/robertpelloni/bobtrader/ultratrader-go/internal/analytics/journal/journal.go:217.2,217.14 1 1
github.com/robertpelloni/bobtrader/ultratrader-go/internal/analytics/journal/journal.go:220.57,221.22 1 1
github.com/robertpelloni/bobtrader/ultratrader-go/internal/analytics/journal/journal.go:221.22,223.3 1 1
github.com/robertpelloni/bobtrader/ultratrader-go/internal/analytics/journal/journal.go:226.2,228.41 3 1
github.com/robertpelloni/bobtrader/ultratrader-go/internal/analytics/journal/journal.go:228.41,230.3 1 1
github.com/robertpelloni/bobtrader/ultratrader-go/internal/analytics/journal/journal.go:232.2,238.27 6 1
github.com/robertpelloni/bobtrader/ultratrader-go/internal/analytics/journal/journal.go:238.27,243.16 4 1
github.com/robertpelloni/bobtrader/ultratrader-go/internal/analytics/journal/journal.go:243.16,246.26 3 1
github.com/robertpelloni/bobtrader/ultratrader-go/internal/analytics/journal/journal.go:246.26,248.5 1 1
github.com/robertpelloni/bobtrader/ultratrader-go/internal/analytics/journal/journal.go:249.9,249.23 1 1
github.com/robertpelloni/bobtrader/ultratrader-go/internal/analytics/journal/journal.go:249.23,252.27 3 1
github.com/robertpelloni/bobtrader/ultratrader-go/internal/analytics/journal/journal.go:252.27,254.5 1 1
github.com/robertpelloni/bobtrader/ultratrader-go/internal/analytics/journal/journal.go:258.2,260.14 3 1
github.com/robertpelloni/bobtrader/ultratrader-go/internal/analytics/journal/journal.go:260.14,262.3 1 1
github.com/robertpelloni/bobtrader/ultratrader-go/internal/analytics/journal/journal.go:263.2,263.16 1 1
github.com/robertpelloni/bobtrader/ultratrader-go/internal/analytics/journal/journal.go:263.16,265.3 1 1
github.com/robertpelloni/bobtrader/ultratrader-go/internal/analytics/journal/journal.go:266.2,266.22 1 1
github.com/robertpelloni/bobtrader/ultratrader-go/internal/analytics/journal/journal.go:266.22,268.3 1 1
github.com/robertpelloni/bobtrader/ultratrader-go/internal/analytics/journal/journal.go:268.8,268.26 1 1
github.com/robertpelloni/bobtrader/ultratrader-go/internal/analytics/journal/journal.go:268.26,270.3 1 1
github.com/robertpelloni/bobtrader/ultratrader-go/internal/analytics/journal/journal.go:273.2,274.19 2 1
github.com/robertpelloni/bobtrader/ultratrader-go/internal/analytics/journal/journal.go:274.19,276.26 2 1
github.com/robertpelloni/bobtrader/ultratrader-go/internal/analytics/journal/journal.go:276.26,279.4 2 1
github.com/robertpelloni/bobtrader/ultratrader-go/internal/analytics/journal/journal.go:280.3,282.19 3 1
github.com/robertpelloni/bobtrader/ultratrader-go/internal/analytics/journal/journal.go:282.19,284.4 1 1
github.com/robertpelloni/bobtrader/ultratrader-go/internal/analytics/journal/journal.go:287.2,288.21 2 1
github.com/robertpelloni/bobtrader/ultratrader-go/internal/analytics/journal/journal.go:288.21,290.3 1 1
github.com/robertpelloni/bobtrader/ultratrader-go/internal/analytics/journal/journal.go:292.2,306.3 1 1
github.com/robertpelloni/bobtrader/ultratrader-go/internal/analytics/journal/journal.go:309.30,310.12 1 1
github.com/robertpelloni/bobtrader/ultratrader-go/internal/analytics/journal/journal.go:310.12,312.3 1 0
github.com/robertpelloni/bobtrader/ultratrader-go/internal/analytics/journal/journal.go:313.2,314.26 2 1
github.com/robertpelloni/bobtrader/ultratrader-go/internal/analytics/journal/journal.go:314.26,316.3 1 1
github.com/robertpelloni/bobtrader/ultratrader-go/internal/analytics/journal/journal.go:317.2,317.10 1 1
github.com/robertpelloni/bobtrader/ultratrader-go/internal/analytics/ml/ensemble.go:37.48,39.2 1 1
github.com/robertpelloni/bobtrader/ultratrader-go/internal/analytics/ml/ensemble.go:42.47,46.2 3 1
github.com/robertpelloni/bobtrader/ultratrader-go/internal/analytics/ml/ensemble.go:49.108,55.22 5 1
github.com/robertpelloni/bobtrader/ultratrader-go/internal/analytics/ml/ensemble.go:55.22,57.3 1 0
github.com/robertpelloni/bobtrader/ultratrader-go/internal/analytics/ml/ensemble.go:59.2,67.27 7 1
github.com/robertpelloni/bobtrader/ultratrader-go/internal/analytics/ml/ensemble.go:67.27,69.59 2 1
github.com/robertpelloni/bobtrader/ultratrader-go/internal/analytics/ml/ensemble.go:69.59,70.12 1 1
github.com/robertpelloni/bobtrader/ultratrader-go/internal/analytics/ml/ensemble.go:73.3,74.18 2 1
github.com/robertpelloni/bobtrader/ultratrader-go/internal/analytics/ml/ensemble.go:74.18,76.4 1 0
github.com/robertpelloni/bobtrader/ultratrader-go/internal/analytics/ml/ensemble.go:78.3,84.16 6 1
github.com/robertpelloni/bobtrader/ultratrader-go/internal/analytics/ml/ensemble.go:87.2,87.42 1 1
github.com/robertpelloni/bobtrader/ultratrader-go/internal/analytics/ml/ensemble.go:87.42,89.3 1 0
github.com/robertpelloni/bobtrader/ultratrader-go/internal/analytics/ml/ensemble.go:91.2,96.8 1 1
github.com/robertpelloni/bobtrader/ultratrader-go/internal/analytics/ml/ensemble.go:107.30,109.2 1 1
github.com/robertpelloni/bobtrader/ultratrader-go/internal/analytics/ml/ensemble.go:112.41,116.2 3 1
github.com/robertpelloni/bobtrader/ultratrader-go/internal/analytics/ml/ensemble.go:119.43,123.2 3 1
github.com/robertpelloni/bobtrader/ultratrader-go/internal/analytics/ml/ensemble.go:128.36,132.46 3 1
github.com/robertpelloni/bobtrader/ultratrader-go/internal/analytics/ml/ensemble.go:132.46,134.3 1 0
github.com/robertpelloni/bobtrader/ultratrader-go/internal/analytics/ml/ensemble.go:136.2,140.34 3 1
github.com/robertpelloni/bobtrader/ultratrader-go/internal/analytics/ml/ensemble.go:140.34,144.3 3 1
github.com/robertpelloni/bobtrader/ultratrader-go/internal/analytics/ml/ensemble.go:146.2,146.14 1 1
github.com/robertpelloni/bobtrader/ultratrader-go/internal/analytics/ml/ensemble.go:150.37,154.2 3 1
github.com/robertpelloni/bobtrader/ultratrader-go/internal/analytics/ml/ensemble.go:157.39,161.2 3 1
github.com/robertpelloni/bobtrader/ultratrader-go/internal/analytics/ml/trainer.go:39.48,40.12 1 1
github.com/robertpelloni/bobtrader/ultratrader-go/internal/analytics/ml/trainer.go:40.12,42.3 1 0
github.com/robertpelloni/bobtrader/ultratrader-go/internal/analytics/ml/trainer.go:43.2,47.3 1 1
github.com/robertpelloni/bobtrader/ultratrader-go/internal/analytics/ml/trainer.go:51.34,51.51 1 1
github.com/robertpelloni/bobtrader/ultratrader-go/internal/analytics/ml/trainer.go:54.46,58.2 3 0
github.com/robertpelloni/bobtrader/ultratrader-go/internal/analytics/ml/trainer.go:61.66,67.2 3 0
github.com/robertpelloni/bobtrader/ultratrader-go/internal/analytics/ml/trainer.go:70.108,75.20 4 1
github.com/robertpelloni/bobtrader/ultratrader-go/internal/analytics/ml/trainer.go:75.20,77.3 1 1
github.com/robertpelloni/bobtrader/ultratrader-go/internal/analytics/ml/trainer.go:79.2,86.30 3 1
github.com/robertpelloni/bobtrader/ultratrader-go/internal/analytics/ml/trainer.go:86.30,87.44 1 1
github.com/robertpelloni/bobtrader/ultratrader-go/internal/analytics/ml/trainer.go:87.44,88.12 1 0
github.com/robertpelloni/bobtrader/ultratrader-go/internal/analytics/ml/trainer.go:91.3,92.30 2 1
github.com/robertpelloni/bobtrader/ultratrader-go/internal/analytics/ml/trainer.go:92.30,95.4 2 1
github.com/robertpelloni/bobtrader/ultratrader-go/internal/analytics/ml/trainer.go:97.3,102.5 2 1
github.com/robertpelloni/bobtrader/ultratrader-go/internal/analytics/ml/trainer.go:105.2,105.25 1 1
github.com/robertpelloni/bobtrader/ultratrader-go/internal/analytics/ml/trainer.go:105.25,107.3 1 0
github.com/robertpelloni/bobtrader/ultratrader-go/internal/analytics/ml/trainer.go:111.2,111.38 1 1
github.com/robertpelloni/bobtrader/ultratrader-go/internal/analytics/ml/trainer.go:111.38,112.43 1 1
github.com/robertpelloni/bobtrader/ultratrader-go/internal/analytics/ml/trainer.go:112.43,113.45 1 1
github.com/robertpelloni/bobtrader/ultratrader-go/internal/analytics/ml/trainer.go:113.45,115.5 1 0
github.com/robertpelloni/bobtrader/ultratrader-go/internal/analytics/ml/trainer.go:119.2,120.26 2 1
github.com/robertpelloni/bobtrader/ultratrader-go/internal/analytics/ml/trainer.go:120.26,122.3 1 0
github.com/robertpelloni/bobtrader/ultratrader-go/internal/analytics/ml/trainer.go:124.2,125.33 2 1
github.com/robertpelloni/bobtrader/ultratrader-go/internal/analytics/ml/trainer.go:125.33,132.3 5 1
github.com/robertpelloni/bobtrader/ultratrader-go/internal/analytics/ml/trainer.go:134.2,138.38 4 1
github.com/robertpelloni/bobtrader/ultratrader-go/internal/analytics/ml/trainer.go:148.66,149.19 1 1
github.com/robertpelloni/bobtrader/ultratrader-go/internal/analytics/ml/trainer.go:149.19,151.3 1 1
github.com/robertpelloni/bobtrader/ultratrader-go/internal/analytics/ml/trainer.go:152.2,155.3 1 1
github.com/robertpelloni/bobtrader/ultratrader-go/internal/analytics/ml/trainer.go:159.83,172.2 6 1
github.com/robertpelloni/bobtrader/ultratrader-go/internal/analytics/ml/trainer.go:175.52,176.53 1 1
github.com/robertpelloni/bobtrader/ultratrader-go/internal/analytics/ml/trainer.go:176.53,178.3 1 0
github.com/robertpelloni/bobtrader/ultratrader-go/internal/analytics/ml/trainer.go:180.2,184.16 4 1
github.com/robertpelloni/bobtrader/ultratrader-go/internal/analytics/ml/trainer.go:184.16,186.3 1 0
github.com/robertpelloni/bobtrader/ultratrader-go/internal/analytics/ml/trainer.go:187.2,193.50 5 1
github.com/robertpelloni/bobtrader/ultratrader-go/internal/analytics/ml/trainer.go:193.50,195.3 1 0
github.com/robertpelloni/bobtrader/ultratrader-go/internal/analytics/ml/trainer.go:197.2,198.12 2 1
github.com/robertpelloni/bobtrader/ultratrader-go/internal/analytics/rl/qlearning.go:45.64,46.28 1 1
github.com/robertpelloni/bobtrader/ultratrader-go/internal/analytics/rl/qlearning.go:46.28,48.3 1 1
github.com/robertpelloni/bobtrader/ultratrader-go/internal/analytics/rl/qlearning.go:49.2,49.30 1 1
github.com/robertpelloni/bobtrader/ultratrader-go/internal/analytics/rl/qlearning.go:49.30,51.3 1 1
github.com/robertpelloni/bobtrader/ultratrader-go/internal/analytics/rl/qlearning.go:52.2,52.23 1 1
github.com/robertpelloni/bobtrader/ultratrader-go/internal/analytics/rl/qlearning.go:52.23,54.3 1 1
github.com/robertpelloni/bobtrader/ultratrader-go/internal/analytics/rl/qlearning.go:56.2,63.3 1 1
github.com/robertpelloni/bobtrader/ultratrader-go/internal/analytics/rl/qlearning.go:67.47,68.31 1 1
github.com/robertpelloni/bobtrader/ultratrader-go/internal/analytics/rl/qlearning.go:68.31,71.35 2 1
github.com/robertpelloni/bobtrader/ultratrader-go/internal/analytics/rl/qlearning.go:71.35,73.4 1 1
github.com/robertpelloni/bobtrader/ultratrader-go/internal/analytics/rl/qlearning.go:78.55,85.33 4 1
github.com/robertpelloni/bobtrader/ultratrader-go/internal/analytics/rl/qlearning.go:85.33,87.3 1 0
github.com/robertpelloni/bobtrader/ultratrader-go/internal/analytics/rl/qlearning.go:90.2,90.24 1 1
github.com/robertpelloni/bobtrader/ultratrader-go/internal/analytics/rl/qlearning.go:94.53,99.34 4 1
github.com/robertpelloni/bobtrader/ultratrader-go/internal/analytics/rl/qlearning.go:99.34,100.22 1 1
github.com/robertpelloni/bobtrader/ultratrader-go/internal/analytics/rl/qlearning.go:100.22,103.4 2 1
github.com/robertpelloni/bobtrader/ultratrader-go/internal/analytics/rl/qlearning.go:106.2,106.22 1 1
github.com/robertpelloni/bobtrader/ultratrader-go/internal/analytics/rl/qlearning.go:111.83,123.2 8 1
github.com/robertpelloni/bobtrader/ultratrader-go/internal/analytics/rl/qlearning.go:126.70,131.28 4 1
github.com/robertpelloni/bobtrader/ultratrader-go/internal/analytics/rl/qlearning.go:131.28,133.3 1 1
github.com/robertpelloni/bobtrader/ultratrader-go/internal/analytics/rl/qlearning.go:138.53,140.29 2 1
github.com/robertpelloni/bobtrader/ultratrader-go/internal/analytics/rl/qlearning.go:140.29,144.3 2 1
github.com/robertpelloni/bobtrader/ultratrader-go/internal/analytics/rl/qlearning.go:145.2,145.40 1 1
github.com/robertpelloni/bobtrader/ultratrader-go/internal/analytics/sentiment/providers.go:34.87,35.19 1 0
github.com/robertpelloni/bobtrader/ultratrader-go/internal/analytics/sentiment/providers.go:35.19,37.3 1 0
github.com/robertpelloni/bobtrader/ultratrader-go/internal/analytics/sentiment/providers.go:38.2,46.3 1 0
github.com/robertpelloni/bobtrader/ultratrader-go/internal/analytics/sentiment/providers.go:49.44,49.61 1 0
github.com/robertpelloni/bobtrader/ultratrader-go/internal/analytics/sentiment/providers.go:51.97,54.39 2 0
github.com/robertpelloni/bobtrader/ultratrader-go/internal/analytics/sentiment/providers.go:54.39,55.48 1 0
github.com/robertpelloni/bobtrader/ultratrader-go/internal/analytics/sentiment/providers.go:55.48,58.4 2 0
github.com/robertpelloni/bobtrader/ultratrader-go/internal/analytics/sentiment/providers.go:60.2,63.20 2 0
github.com/robertpelloni/bobtrader/ultratrader-go/internal/analytics/sentiment/providers.go:63.20,70.3 1 0
github.com/robertpelloni/bobtrader/ultratrader-go/internal/analytics/sentiment/providers.go:73.2,77.16 3 0
github.com/robertpelloni/bobtrader/ultratrader-go/internal/analytics/sentiment/providers.go:77.16,84.3 1 0
github.com/robertpelloni/bobtrader/ultratrader-go/internal/analytics/sentiment/providers.go:86.2,87.16 2 0
github.com/robertpelloni/bobtrader/ultratrader-go/internal/analytics/sentiment/providers.go:87.16,95.3 1 0
github.com/robertpelloni/bobtrader/ultratrader-go/internal/analytics/sentiment/providers.go:96.2,98.38 2 0
github.com/robertpelloni/bobtrader/ultratrader-go/internal/analytics/sentiment/providers.go:98.38,109.3 2 0
github.com/robertpelloni/bobtrader/ultratrader-go/internal/analytics/sentiment/providers.go:111.2,121.67 2 0
github.com/robertpelloni/bobtrader/ultratrader-go/internal/analytics/sentiment/providers.go:121.67,132.3 2 0
github.com/robertpelloni/bobtrader/ultratrader-go/internal/analytics/sentiment/providers.go:135.2,149.20 6 0
github.com/robertpelloni/bobtrader/ultratrader-go/internal/analytics/sentiment/providers.go:158.12,159.24 1 0
github.com/robertpelloni/bobtrader/ultratrader-go/internal/analytics/sentiment/providers.go:159.24,161.3 1 0
github.com/robertpelloni/bobtrader/ultratrader-go/internal/analytics/sentiment/providers.go:163.2,166.35 3 0
github.com/robertpelloni/bobtrader/ultratrader-go/internal/analytics/sentiment/providers.go:166.35,169.3 2 0
github.com/robertpelloni/bobtrader/ultratrader-go/internal/analytics/sentiment/providers.go:171.2,172.16 2 0
github.com/robertpelloni/bobtrader/ultratrader-go/internal/analytics/sentiment/providers.go:172.16,174.3 1 0
github.com/robertpelloni/bobtrader/ultratrader-go/internal/analytics/sentiment/providers.go:177.2,177.62 1 0
github.com/robertpelloni/bobtrader/ultratrader-go/internal/analytics/sentiment/providers.go:189.70,190.19 1 0
github.com/robertpelloni/bobtrader/ultratrader-go/internal/analytics/sentiment/providers.go:190.19,192.3 1 0
github.com/robertpelloni/bobtrader/ultratrader-go/internal/analytics/sentiment/providers.go:193.2,197.3 1 0
github.com/robertpelloni/bobtrader/ultratrader-go/internal/analytics/sentiment/providers.go:200.43,200.60 1 0
github.com/robertpelloni/bobtrader/ultratrader-go/internal/analytics/sentiment/providers.go:202.96,205.70 2 0
github.com/robertpelloni/bobtrader/ultratrader-go/internal/analytics/sentiment/providers.go:205.70,208.3 2 0
github.com/robertpelloni/bobtrader/ultratrader-go/internal/analytics/sentiment/providers.go:209.2,212.16 3 0
github.com/robertpelloni/bobtrader/ultratrader-go/internal/analytics/sentiment/providers.go:212.16,214.3 1 0
github.com/robertpelloni/bobtrader/ultratrader-go/internal/analytics/sentiment/providers.go:216.2,217.16 2 0
github.com/robertpelloni/bobtrader/ultratrader-go/internal/analytics/sentiment/providers.go:217.16,219.3 1 0
github.com/robertpelloni/bobtrader/ultratrader-go/internal/analytics/sentiment/providers.go:220.2,222.38 2 0
github.com/robertpelloni/bobtrader/ultratrader-go/internal/analytics/sentiment/providers.go:222.38,227.3 2 0
github.com/robertpelloni/bobtrader/ultratrader-go/internal/analytics/sentiment/providers.go:229.2,236.67 2 0
github.com/robertpelloni/bobtrader/ultratrader-go/internal/analytics/sentiment/providers.go:236.67,241.3 2 0
github.com/robertpelloni/bobtrader/ultratrader-go/internal/analytics/sentiment/providers.go:243.2,243.27 1 0
github.com/robertpelloni/bobtrader/ultratrader-go/internal/analytics/sentiment/providers.go:243.27,245.3 1 0
github.com/robertpelloni/bobtrader/ultratrader-go/internal/analytics/sentiment/providers.go:249.2,264.20 8 0
github.com/robertpelloni/bobtrader/ultratrader-go/internal/analytics/sentiment/providers.go:283.76,284.19 1 0
github.com/robertpelloni/bobtrader/ultratrader-go/internal/analytics/sentiment/providers.go:284.19,286.3 1 0
github.com/robertpelloni/bobtrader/ultratrader-go/internal/analytics/sentiment/providers.go:288.2,320.10 3 0
github.com/robertpelloni/bobtrader/ultratrader-go/internal/analytics/sentiment/providers.go:323.46,323.63 1 0
github.com/robertpelloni/bobtrader/ultratrader-go/internal/analytics/sentiment/providers.go:325.99,333.33 6 0
github.com/robertpelloni/bobtrader/ultratrader-go/internal/analytics/sentiment/providers.go:333.33,338.40 2 0
github.com/robertpelloni/bobtrader/ultratrader-go/internal/analytics/sentiment/providers.go:338.40,343.52 2 0
github.com/robertpelloni/bobtrader/ultratrader-go/internal/analytics/sentiment/providers.go:343.52,346.5 2 0
github.com/robertpelloni/bobtrader/ultratrader-go/internal/analytics/sentiment/providers.go:350.2,351.20 2 0
github.com/robertpelloni/bobtrader/ultratrader-go/internal/analytics/sentiment/providers.go:351.20,354.18 2 0
github.com/robertpelloni/bobtrader/ultratrader-go/internal/analytics/sentiment/providers.go:354.18,356.4 1 0
github.com/robertpelloni/bobtrader/ultratrader-go/internal/analytics/sentiment/providers.go:357.3,357.19 1 0
github.com/robertpelloni/bobtrader/ultratrader-go/internal/analytics/sentiment/providers.go:357.19,359.4 1 0
github.com/robertpelloni/bobtrader/ultratrader-go/internal/analytics/sentiment/providers.go:362.2,367.8 1 0
github.com/robertpelloni/bobtrader/ultratrader-go/internal/analytics/sentiment/providers.go:371.60,375.2 3 0
github.com/robertpelloni/bobtrader/ultratrader-go/internal/analytics/sentiment/providers.go:388.95,389.19 1 0
github.com/robertpelloni/bobtrader/ultratrader-go/internal/analytics/sentiment/providers.go:389.19,391.3 1 0
github.com/robertpelloni/bobtrader/ultratrader-go/internal/analytics/sentiment/providers.go:392.2,397.3 1 0
github.com/robertpelloni/bobtrader/ultratrader-go/internal/analytics/sentiment/providers.go:400.48,400.65 1 0
github.com/robertpelloni/bobtrader/ultratrader-go/internal/analytics/sentiment/providers.go:402.101,404.70 2 0
github.com/robertpelloni/bobtrader/ultratrader-go/internal/analytics/sentiment/providers.go:404.70,407.3 2 0
github.com/robertpelloni/bobtrader/ultratrader-go/internal/analytics/sentiment/providers.go:408.2,411.20 2 0
github.com/robertpelloni/bobtrader/ultratrader-go/internal/analytics/sentiment/providers.go:411.20,418.3 1 0
github.com/robertpelloni/bobtrader/ultratrader-go/internal/analytics/sentiment/providers.go:421.2,424.16 3 0
github.com/robertpelloni/bobtrader/ultratrader-go/internal/analytics/sentiment/providers.go:424.16,426.3 1 0
github.com/robertpelloni/bobtrader/ultratrader-go/internal/analytics/sentiment/providers.go:428.2,429.16 2 0
github.com/robertpelloni/bobtrader/ultratrader-go/internal/analytics/sentiment/providers.go:429.16,431.3 1 0
github.com/robertpelloni/bobtrader/ultratrader-go/internal/analytics/sentiment/providers.go:432.2,440.67 3 0
github.com/robertpelloni/bobtrader/ultratrader-go/internal/analytics/sentiment/providers.go:440.67,442.3 1 0
github.com/robertpelloni/bobtrader/ultratrader-go/internal/analytics/sentiment/providers.go:445.2,451.17 4 0
github.com/robertpelloni/bobtrader/ultratrader-go/internal/analytics/sentiment/providers.go:451.17,453.3 1 0
github.com/robertpelloni/bobtrader/ultratrader-go/internal/analytics/sentiment/providers.go:454.2,454.18 1 0
github.com/robertpelloni/bobtrader/ultratrader-go/internal/analytics/sentiment/providers.go:454.18,456.3 1 0
github.com/robertpelloni/bobtrader/ultratrader-go/internal/analytics/sentiment/providers.go:458.2,469.20 5 0
github.com/robertpelloni/bobtrader/ultratrader-go/internal/analytics/sentiment/sentiment.go:35.48,36.19 1 1
github.com/robertpelloni/bobtrader/ultratrader-go/internal/analytics/sentiment/sentiment.go:36.19,38.3 1 1
github.com/robertpelloni/bobtrader/ultratrader-go/internal/analytics/sentiment/sentiment.go:39.2,41.3 1 1
github.com/robertpelloni/bobtrader/ultratrader-go/internal/analytics/sentiment/sentiment.go:45.47,49.2 3 1
github.com/robertpelloni/bobtrader/ultratrader-go/internal/analytics/sentiment/sentiment.go:53.109,59.25 5 1
github.com/robertpelloni/bobtrader/ultratrader-go/internal/analytics/sentiment/sentiment.go:59.25,61.3 1 0
github.com/robertpelloni/bobtrader/ultratrader-go/internal/analytics/sentiment/sentiment.go:63.2,68.30 4 1
github.com/robertpelloni/bobtrader/ultratrader-go/internal/analytics/sentiment/sentiment.go:68.30,70.17 2 1
github.com/robertpelloni/bobtrader/ultratrader-go/internal/analytics/sentiment/sentiment.go:70.17,76.12 2 1
github.com/robertpelloni/bobtrader/ultratrader-go/internal/analytics/sentiment/sentiment.go:80.3,80.23 1 1
github.com/robertpelloni/bobtrader/ultratrader-go/internal/analytics/sentiment/sentiment.go:80.23,82.4 1 0
github.com/robertpelloni/bobtrader/ultratrader-go/internal/analytics/sentiment/sentiment.go:82.9,82.29 1 1
github.com/robertpelloni/bobtrader/ultratrader-go/internal/analytics/sentiment/sentiment.go:82.29,84.4 1 1
github.com/robertpelloni/bobtrader/ultratrader-go/internal/analytics/sentiment/sentiment.go:86.3,88.15 3 1
github.com/robertpelloni/bobtrader/ultratrader-go/internal/analytics/sentiment/sentiment.go:91.2,91.21 1 1
github.com/robertpelloni/bobtrader/ultratrader-go/internal/analytics/sentiment/sentiment.go:91.21,93.3 1 0
github.com/robertpelloni/bobtrader/ultratrader-go/internal/analytics/sentiment/sentiment.go:95.2,96.35 2 1
github.com/robertpelloni/bobtrader/ultratrader-go/internal/analytics/sentiment/whale_alert.go:49.103,50.19 1 0
github.com/robertpelloni/bobtrader/ultratrader-go/internal/analytics/sentiment/whale_alert.go:50.19,52.3 1 0
github.com/robertpelloni/bobtrader/ultratrader-go/internal/analytics/sentiment/whale_alert.go:53.2,53.17 1 0
github.com/robertpelloni/bobtrader/ultratrader-go/internal/analytics/sentiment/whale_alert.go:53.17,55.3 1 0
github.com/robertpelloni/bobtrader/ultratrader-go/internal/analytics/sentiment/whale_alert.go:56.2,64.3 1 0
github.com/robertpelloni/bobtrader/ultratrader-go/internal/analytics/sentiment/whale_alert.go:67.44,67.61 1 0
github.com/robertpelloni/bobtrader/ultratrader-go/internal/analytics/sentiment/whale_alert.go:69.97,72.39 2 0
github.com/robertpelloni/bobtrader/ultratrader-go/internal/analytics/sentiment/whale_alert.go:72.39,73.48 1 0
github.com/robertpelloni/bobtrader/ultratrader-go/internal/analytics/sentiment/whale_alert.go:73.48,76.4 2 0
github.com/robertpelloni/bobtrader/ultratrader-go/internal/analytics/sentiment/whale_alert.go:78.2,81.20 2 0
github.com/robertpelloni/bobtrader/ultratrader-go/internal/analytics/sentiment/whale_alert.go:81.20,83.3 1 0
github.com/robertpelloni/bobtrader/ultratrader-go/internal/analytics/sentiment/whale_alert.go:87.2,94.16 4 0
github.com/robertpelloni/bobtrader/ultratrader-go/internal/analytics/sentiment/whale_alert.go:94.16,96.3 1 0
github.com/robertpelloni/bobtrader/ultratrader-go/internal/analytics/sentiment/whale_alert.go:98.2,99.16 2 0
github.com/robertpelloni/bobtrader/ultratrader-go/internal/analytics/sentiment/whale_alert.go:99.16,101.3 1 0
github.com/robertpelloni/bobtrader/ultratrader-go/internal/analytics/sentiment/whale_alert.go:102.2,125.67 3 0
github.com/robertpelloni/bobtrader/ultratrader-go/internal/analytics/sentiment/whale_alert.go:125.67,127.3 1 0
github.com/robertpelloni/bobtrader/ultratrader-go/internal/analytics/sentiment/whale_alert.go:130.2,149.20 7 0
github.com/robertpelloni/bobtrader/ultratrader-go/internal/analytics/sentiment/whale_alert.go:168.17,171.25 2 0
github.com/robertpelloni/bobtrader/ultratrader-go/internal/analytics/sentiment/whale_alert.go:171.25,182.71 2 0
github.com/robertpelloni/bobtrader/ultratrader-go/internal/analytics/sentiment/whale_alert.go:182.71,185.4 2 0
github.com/robertpelloni/bobtrader/ultratrader-go/internal/analytics/sentiment/whale_alert.go:185.9,185.78 1 0
github.com/robertpelloni/bobtrader/ultratrader-go/internal/analytics/sentiment/whale_alert.go:185.78,188.4 2 0
github.com/robertpelloni/bobtrader/ultratrader-go/internal/analytics/sentiment/whale_alert.go:188.9,188.78 1 0
github.com/robertpelloni/bobtrader/ultratrader-go/internal/analytics/sentiment/whale_alert.go:188.78,190.4 1 0
github.com/robertpelloni/bobtrader/ultratrader-go/internal/analytics/sentiment/whale_alert.go:190.9,192.4 1 0
github.com/robertpelloni/bobtrader/ultratrader-go/internal/analytics/sentiment/whale_alert.go:194.3,194.33 1 0
github.com/robertpelloni/bobtrader/ultratrader-go/internal/analytics/sentiment/whale_alert.go:196.2,196.15 1 0
github.com/robertpelloni/bobtrader/ultratrader-go/internal/analytics/sentiment/whale_alert.go:199.79,200.22 1 0
github.com/robertpelloni/bobtrader/ultratrader-go/internal/analytics/sentiment/whale_alert.go:200.22,202.3 1 0
github.com/robertpelloni/bobtrader/ultratrader-go/internal/analytics/sentiment/whale_alert.go:204.2,207.31 3 0
github.com/robertpelloni/bobtrader/ultratrader-go/internal/analytics/sentiment/whale_alert.go:207.31,208.25 1 0
github.com/robertpelloni/bobtrader/ultratrader-go/internal/analytics/sentiment/whale_alert.go:208.25,210.4 1 0
github.com/robertpelloni/bobtrader/ultratrader-go/internal/analytics/sentiment/whale_alert.go:210.9,210.33 1 0
github.com/robertpelloni/bobtrader/ultratrader-go/internal/analytics/sentiment/whale_alert.go:210.33,212.4 1 0
github.com/robertpelloni/bobtrader/ultratrader-go/internal/analytics/sentiment/whale_alert.go:215.2,216.22 2 0
github.com/robertpelloni/bobtrader/ultratrader-go/internal/analytics/sentiment/whale_alert.go:216.22,218.3 1 0
github.com/robertpelloni/bobtrader/ultratrader-go/internal/analytics/sentiment/whale_alert.go:221.2,226.22 3 0
github.com/robertpelloni/bobtrader/ultratrader-go/internal/analytics/sentiment/whale_alert.go:226.22,228.3 1 0
github.com/robertpelloni/bobtrader/ultratrader-go/internal/analytics/sentiment/whale_alert.go:229.2,229.23 1 0
github.com/robertpelloni/bobtrader/ultratrader-go/internal/analytics/sentiment/whale_alert.go:229.23,231.3 1 0
github.com/robertpelloni/bobtrader/ultratrader-go/internal/analytics/sentiment/whale_alert.go:233.2,233.19 1 0
github.com/robertpelloni/bobtrader/ultratrader-go/internal/analytics/sentiment/whale_alert.go:238.82,253.28 6 0
github.com/robertpelloni/bobtrader/ultratrader-go/internal/analytics/sentiment/whale_alert.go:253.28,255.3 1 0
github.com/robertpelloni/bobtrader/ultratrader-go/internal/analytics/sentiment/whale_alert.go:258.2,258.28 1 0
github.com/robertpelloni/bobtrader/ultratrader-go/internal/analytics/sentiment/whale_alert.go:258.28,260.3 1 0
github.com/robertpelloni/bobtrader/ultratrader-go/internal/analytics/sentiment/whale_alert.go:263.2,263.22 1 0
github.com/robertpelloni/bobtrader/ultratrader-go/internal/analytics/sentiment/whale_alert.go:263.22,265.3 1 0
github.com/robertpelloni/bobtrader/ultratrader-go/internal/analytics/sentiment/whale_alert.go:268.2,268.55 1 0
github.com/robertpelloni/bobtrader/ultratrader-go/internal/analytics/sentiment/whale_alert.go:268.55,270.3 1 0
github.com/robertpelloni/bobtrader/ultratrader-go/internal/analytics/sentiment/whale_alert.go:273.2,273.17 1 0
github.com/robertpelloni/bobtrader/ultratrader-go/internal/analytics/sentiment/whale_alert.go:273.17,275.3 1 0
github.com/robertpelloni/bobtrader/ultratrader-go/internal/analytics/sentiment/whale_alert.go:276.2,276.18 1 0
github.com/robertpelloni/bobtrader/ultratrader-go/internal/analytics/sentiment/whale_alert.go:276.18,278.3 1 0
github.com/robertpelloni/bobtrader/ultratrader-go/internal/analytics/sentiment/whale_alert.go:280.2,285.3 1 0
github.com/robertpelloni/bobtrader/ultratrader-go/internal/analytics/sentiment/whale_alert.go:289.74,292.39 3 0
github.com/robertpelloni/bobtrader/ultratrader-go/internal/analytics/sentiment/whale_alert.go:292.39,294.3 1 0
github.com/robertpelloni/bobtrader/ultratrader-go/internal/analytics/sentiment/whale_alert.go:295.2,295.12 1 0
github.com/robertpelloni/bobtrader/ultratrader-go/internal/analytics/sentiment/whale_alert.go:298.42,299.63 1 0
github.com/robertpelloni/bobtrader/ultratrader-go/internal/analytics/sentiment/whale_alert.go:299.63,301.3 1 0
github.com/robertpelloni/bobtrader/ultratrader-go/internal/analytics/sentiment/whale_alert.go:302.2,302.10 1 0
github.com/robertpelloni/bobtrader/ultratrader-go/internal/analytics/sentiment/youtube.go:41.99,42.19 1 0
github.com/robertpelloni/bobtrader/ultratrader-go/internal/analytics/sentiment/youtube.go:42.19,44.3 1 0
github.com/robertpelloni/bobtrader/ultratrader-go/internal/analytics/sentiment/youtube.go:46.2,78.3 1 0
github.com/robertpelloni/bobtrader/ultratrader-go/internal/analytics/sentiment/youtube.go:81.50,81.67 1 0
github.com/robertpelloni/bobtrader/ultratrader-go/internal/analytics/sentiment/youtube.go:83.103,86.39 2 0
github.com/robertpelloni/bobtrader/ultratrader-go/internal/analytics/sentiment/youtube.go:86.39,87.48 1 0
github.com/robertpelloni/bobtrader/ultratrader-go/internal/analytics/sentiment/youtube.go:87.48,90.4 2 0
github.com/robertpelloni/bobtrader/ultratrader-go/internal/analytics/sentiment/youtube.go:92.2,95.20 2 0
github.com/robertpelloni/bobtrader/ultratrader-go/internal/analytics/sentiment/youtube.go:95.20,97.3 1 0
github.com/robertpelloni/bobtrader/ultratrader-go/internal/analytics/sentiment/youtube.go:100.2,103.37 3 0
github.com/robertpelloni/bobtrader/ultratrader-go/internal/analytics/sentiment/youtube.go:103.37,105.17 2 0
github.com/robertpelloni/bobtrader/ultratrader-go/internal/analytics/sentiment/youtube.go:105.17,110.12 2 0
github.com/robertpelloni/bobtrader/ultratrader-go/internal/analytics/sentiment/youtube.go:112.3,113.24 2 0
github.com/robertpelloni/bobtrader/ultratrader-go/internal/analytics/sentiment/youtube.go:117.2,118.21 2 0
github.com/robertpelloni/bobtrader/ultratrader-go/internal/analytics/sentiment/youtube.go:118.21,120.3 1 0
github.com/robertpelloni/bobtrader/ultratrader-go/internal/analytics/sentiment/youtube.go:122.2,134.20 5 0
github.com/robertpelloni/bobtrader/ultratrader-go/internal/analytics/sentiment/youtube.go:137.137,145.16 3 0
github.com/robertpelloni/bobtrader/ultratrader-go/internal/analytics/sentiment/youtube.go:145.16,147.3 1 0
github.com/robertpelloni/bobtrader/ultratrader-go/internal/analytics/sentiment/youtube.go:149.2,150.16 2 0
github.com/robertpelloni/bobtrader/ultratrader-go/internal/analytics/sentiment/youtube.go:150.16,152.3 1 0
github.com/robertpelloni/bobtrader/ultratrader-go/internal/analytics/sentiment/youtube.go:153.2,164.67 3 0
github.com/robertpelloni/bobtrader/ultratrader-go/internal/analytics/sentiment/youtube.go:164.67,166.3 1 0
github.com/robertpelloni/bobtrader/ultratrader-go/internal/analytics/sentiment/youtube.go:169.2,171.35 2 0
github.com/robertpelloni/bobtrader/ultratrader-go/internal/analytics/sentiment/youtube.go:179.27,185.31 4 0
github.com/robertpelloni/bobtrader/ultratrader-go/internal/analytics/sentiment/youtube.go:185.31,191.39 2 0
github.com/robertpelloni/bobtrader/ultratrader-go/internal/analytics/sentiment/youtube.go:191.39,192.12 1 0
github.com/robertpelloni/bobtrader/ultratrader-go/internal/analytics/sentiment/youtube.go:196.3,196.41 1 0
github.com/robertpelloni/bobtrader/ultratrader-go/internal/analytics/sentiment/youtube.go:196.41,197.34 1 0
github.com/robertpelloni/bobtrader/ultratrader-go/internal/analytics/sentiment/youtube.go:197.34,199.5 1 0
github.com/robertpelloni/bobtrader/ultratrader-go/internal/analytics/sentiment/youtube.go:201.3,201.41 1 0
github.com/robertpelloni/bobtrader/ultratrader-go/internal/analytics/sentiment/youtube.go:201.41,202.34 1 0
github.com/robertpelloni/bobtrader/ultratrader-go/internal/analytics/sentiment/youtube.go:202.34,204.5 1 0
github.com/robertpelloni/bobtrader/ultratrader-go/internal/analytics/sentiment/youtube.go:208.2,209.16 2 0
github.com/robertpelloni/bobtrader/ultratrader-go/internal/analytics/sentiment/youtube.go:209.16,211.3 1 0
github.com/robertpelloni/bobtrader/ultratrader-go/internal/analytics/sentiment/youtube.go:213.2,213.54 1 0
github.com/robertpelloni/bobtrader/ultratrader-go/internal/analytics/sentiment/youtube.go:217.76,224.2 1 0
github.com/robertpelloni/bobtrader/ultratrader-go/internal/analytics/sentiment/youtube.go:227.71,231.2 3 0
github.com/robertpelloni/bobtrader/ultratrader-go/internal/analytics/sentiment/youtube.go:234.76,240.2 5 0
github.com/robertpelloni/bobtrader/ultratrader-go/internal/backtest/engine.go:44.47,50.2 1 0
github.com/robertpelloni/bobtrader/ultratrader-go/internal/backtest/engine.go:61.69,63.2 1 0
github.com/robertpelloni/bobtrader/ultratrader-go/internal/backtest/engine.go:66.102,75.2 2 1
github.com/robertpelloni/bobtrader/ultratrader-go/internal/backtest/engine.go:82.92,84.2 1 1
github.com/robertpelloni/bobtrader/ultratrader-go/internal/backtest/engine.go:85.106,87.2 1 0
github.com/robertpelloni/bobtrader/ultratrader-go/internal/backtest/engine.go:88.120,90.2 1 0
github.com/robertpelloni/bobtrader/ultratrader-go/internal/backtest/engine.go:93.83,95.9 2 1
github.com/robertpelloni/bobtrader/ultratrader-go/internal/backtest/engine.go:95.9,97.3 1 0
github.com/robertpelloni/bobtrader/ultratrader-go/internal/backtest/engine.go:99.2,100.21 2 1
github.com/robertpelloni/bobtrader/ultratrader-go/internal/backtest/engine.go:100.21,102.3 1 0
github.com/robertpelloni/bobtrader/ultratrader-go/internal/backtest/engine.go:104.2,108.29 4 1
github.com/robertpelloni/bobtrader/ultratrader-go/internal/backtest/engine.go:108.29,113.17 3 1
github.com/robertpelloni/bobtrader/ultratrader-go/internal/backtest/engine.go:113.17,115.4 1 0
github.com/robertpelloni/bobtrader/ultratrader-go/internal/backtest/engine.go:117.3,117.40 1 1
github.com/robertpelloni/bobtrader/ultratrader-go/internal/backtest/engine.go:120.2,120.63 1 1
github.com/robertpelloni/bobtrader/ultratrader-go/internal/backtest/engine.go:124.91,126.9 2 1
github.com/robertpelloni/bobtrader/ultratrader-go/internal/backtest/engine.go:126.9,128.3 1 0
github.com/robertpelloni/bobtrader/ultratrader-go/internal/backtest/engine.go:130.2,131.23 2 1
github.com/robertpelloni/bobtrader/ultratrader-go/internal/backtest/engine.go:131.23,133.3 1 0
github.com/robertpelloni/bobtrader/ultratrader-go/internal/backtest/engine.go:135.2,139.33 4 1
github.com/robertpelloni/bobtrader/ultratrader-go/internal/backtest/engine.go:139.33,144.17 3 1
github.com/robertpelloni/bobtrader/ultratrader-go/internal/backtest/engine.go:144.17,146.4 1 0
github.com/robertpelloni/bobtrader/ultratrader-go/internal/backtest/engine.go:148.3,148.42 1 1
github.com/robertpelloni/bobtrader/ultratrader-go/internal/backtest/engine.go:151.2,151.63 1 1
github.com/robertpelloni/bobtrader/ultratrader-go/internal/backtest/engine.go:154.77,156.30 1 1
github.com/robertpelloni/bobtrader/ultratrader-go/internal/backtest/engine.go:156.30,158.26 2 1
github.com/robertpelloni/bobtrader/ultratrader-go/internal/backtest/engine.go:158.26,160.4 1 1
github.com/robertpelloni/bobtrader/ultratrader-go/internal/backtest/engine.go:160.9,160.34 1 1
github.com/robertpelloni/bobtrader/ultratrader-go/internal/backtest/engine.go:160.34,162.4 1 1
github.com/robertpelloni/bobtrader/ultratrader-go/internal/backtest/engine.go:162.9,163.12 1 0
github.com/robertpelloni/bobtrader/ultratrader-go/internal/backtest/engine.go:166.3,170.27 2 1
github.com/robertpelloni/bobtrader/ultratrader-go/internal/backtest/engine.go:170.27,172.4 1 1
github.com/robertpelloni/bobtrader/ultratrader-go/internal/backtest/engine.go:172.9,174.4 1 1
github.com/robertpelloni/bobtrader/ultratrader-go/internal/backtest/engine.go:176.3,190.25 4 1
github.com/robertpelloni/bobtrader/ultratrader-go/internal/backtest/engine.go:194.106,209.2 5 1
github.com/robertpelloni/bobtrader/ultratrader-go/internal/backtest/engine.go:216.62,218.2 1 1
github.com/robertpelloni/bobtrader/ultratrader-go/internal/backtest/engine.go:220.51,222.2 1 1
github.com/robertpelloni/bobtrader/ultratrader-go/internal/backtest/engine.go:229.76,231.2 1 1
github.com/robertpelloni/bobtrader/ultratrader-go/internal/backtest/engine.go:233.61,235.2 1 1
github.com/robertpelloni/bobtrader/ultratrader-go/internal/backtest/live_history.go:17.86,19.2 1 0
github.com/robertpelloni/bobtrader/ultratrader-go/internal/backtest/live_history.go:22.130,24.16 2 0
github.com/robertpelloni/bobtrader/ultratrader-go/internal/backtest/live_history.go:24.16,26.3 1 0
github.com/robertpelloni/bobtrader/ultratrader-go/internal/backtest/live_history.go:27.2,28.21 2 0
github.com/robertpelloni/bobtrader/ultratrader-go/internal/backtest/live_history.go:32.61,34.2 1 0
github.com/robertpelloni/bobtrader/ultratrader-go/internal/backtest/multisymbol.go:27.60,32.2 1 1
github.com/robertpelloni/bobtrader/ultratrader-go/internal/backtest/multisymbol.go:35.80,40.42 3 1
github.com/robertpelloni/bobtrader/ultratrader-go/internal/backtest/multisymbol.go:40.42,42.3 1 1
github.com/robertpelloni/bobtrader/ultratrader-go/internal/backtest/multisymbol.go:44.2,44.26 1 1
github.com/robertpelloni/bobtrader/ultratrader-go/internal/backtest/multisymbol.go:48.114,65.9 7 1
github.com/robertpelloni/bobtrader/ultratrader-go/internal/backtest/multisymbol.go:65.9,67.3 1 0
github.com/robertpelloni/bobtrader/ultratrader-go/internal/backtest/multisymbol.go:69.2,69.32 1 1
github.com/robertpelloni/bobtrader/ultratrader-go/internal/backtest/multisymbol.go:69.32,71.26 2 1
github.com/robertpelloni/bobtrader/ultratrader-go/internal/backtest/multisymbol.go:71.26,74.18 3 1
github.com/robertpelloni/bobtrader/ultratrader-go/internal/backtest/multisymbol.go:74.18,77.5 2 1
github.com/robertpelloni/bobtrader/ultratrader-go/internal/backtest/multisymbol.go:78.4,78.55 1 1
github.com/robertpelloni/bobtrader/ultratrader-go/internal/backtest/multisymbol.go:82.2,86.19 4 1
github.com/robertpelloni/bobtrader/ultratrader-go/internal/backtest/multisymbol.go:86.19,88.3 1 1
github.com/robertpelloni/bobtrader/ultratrader-go/internal/backtest/multisymbol.go:90.2,92.25 3 1
github.com/robertpelloni/bobtrader/ultratrader-go/internal/backtest/multisymbol.go:92.25,94.3 1 1
github.com/robertpelloni/bobtrader/ultratrader-go/internal/backtest/multisymbol.go:96.2,96.12 1 1
github.com/robertpelloni/bobtrader/ultratrader-go/internal/backtest/multisymbol.go:102.54,108.33 4 1
github.com/robertpelloni/bobtrader/ultratrader-go/internal/backtest/multisymbol.go:108.33,109.29 1 1
github.com/robertpelloni/bobtrader/ultratrader-go/internal/backtest/multisymbol.go:109.29,111.4 1 1
github.com/robertpelloni/bobtrader/ultratrader-go/internal/backtest/multisymbol.go:114.2,115.29 2 1
github.com/robertpelloni/bobtrader/ultratrader-go/internal/backtest/multisymbol.go:115.29,117.3 1 1
github.com/robertpelloni/bobtrader/ultratrader-go/internal/backtest/multisymbol.go:119.2,119.47 1 1
github.com/robertpelloni/bobtrader/ultratrader-go/internal/backtest/multisymbol.go:119.47,121.3 1 1
github.com/robertpelloni/bobtrader/ultratrader-go/internal/backtest/multisymbol.go:123.2,127.32 3 1
github.com/robertpelloni/bobtrader/ultratrader-go/internal/backtest/multisymbol.go:127.32,129.3 1 1
github.com/robertpelloni/bobtrader/ultratrader-go/internal/backtest/multisymbol.go:131.2,131.34 1 1
github.com/robertpelloni/bobtrader/ultratrader-go/internal/backtest/multisymbol.go:131.34,137.33 2 1
github.com/robertpelloni/bobtrader/ultratrader-go/internal/backtest/multisymbol.go:137.33,142.64 3 1
github.com/robertpelloni/bobtrader/ultratrader-go/internal/backtest/multisymbol.go:142.64,144.5 1 1
github.com/robertpelloni/bobtrader/ultratrader-go/internal/backtest/multisymbol.go:145.4,147.62 2 1
github.com/robertpelloni/bobtrader/ultratrader-go/internal/backtest/multisymbol.go:147.62,149.5 1 1
github.com/robertpelloni/bobtrader/ultratrader-go/internal/backtest/multisymbol.go:152.3,152.42 1 1
github.com/robertpelloni/bobtrader/ultratrader-go/internal/backtest/multisymbol.go:155.2,155.21 1 1
github.com/robertpelloni/bobtrader/ultratrader-go/internal/backtest/optimizer/grid.go:13.70,15.27 2 1
github.com/robertpelloni/bobtrader/ultratrader-go/internal/backtest/optimizer/grid.go:15.27,17.3 1 1
github.com/robertpelloni/bobtrader/ultratrader-go/internal/backtest/optimizer/grid.go:19.2,22.55 3 1
github.com/robertpelloni/bobtrader/ultratrader-go/internal/backtest/optimizer/grid.go:22.55,23.28 1 1
github.com/robertpelloni/bobtrader/ultratrader-go/internal/backtest/optimizer/grid.go:23.28,26.33 2 1
github.com/robertpelloni/bobtrader/ultratrader-go/internal/backtest/optimizer/grid.go:26.33,28.5 1 1
github.com/robertpelloni/bobtrader/ultratrader-go/internal/backtest/optimizer/grid.go:29.4,30.10 2 1
github.com/robertpelloni/bobtrader/ultratrader-go/internal/backtest/optimizer/grid.go:33.3,35.28 3 1
github.com/robertpelloni/bobtrader/ultratrader-go/internal/backtest/optimizer/grid.go:35.28,38.4 2 1
github.com/robertpelloni/bobtrader/ultratrader-go/internal/backtest/optimizer/grid.go:41.2,42.16 2 1
github.com/robertpelloni/bobtrader/ultratrader-go/internal/backtest/optimizer/grid.go:56.24,57.19 1 1
github.com/robertpelloni/bobtrader/ultratrader-go/internal/backtest/optimizer/grid.go:57.19,59.3 1 0
github.com/robertpelloni/bobtrader/ultratrader-go/internal/backtest/optimizer/grid.go:61.2,62.21 2 1
github.com/robertpelloni/bobtrader/ultratrader-go/internal/backtest/optimizer/grid.go:62.21,64.3 1 0
github.com/robertpelloni/bobtrader/ultratrader-go/internal/backtest/optimizer/grid.go:66.2,67.18 2 1
github.com/robertpelloni/bobtrader/ultratrader-go/internal/backtest/optimizer/grid.go:67.18,69.3 1 1
github.com/robertpelloni/bobtrader/ultratrader-go/internal/backtest/optimizer/grid.go:70.2,70.26 1 1
github.com/robertpelloni/bobtrader/ultratrader-go/internal/backtest/optimizer/grid.go:70.26,72.3 1 0
github.com/robertpelloni/bobtrader/ultratrader-go/internal/backtest/optimizer/grid.go:74.2,80.31 4 1
github.com/robertpelloni/bobtrader/ultratrader-go/internal/backtest/optimizer/grid.go:80.31,82.13 2 1
github.com/robertpelloni/bobtrader/ultratrader-go/internal/backtest/optimizer/grid.go:82.13,84.24 2 1
github.com/robertpelloni/bobtrader/ultratrader-go/internal/backtest/optimizer/grid.go:84.24,86.12 1 1
github.com/robertpelloni/bobtrader/ultratrader-go/internal/backtest/optimizer/grid.go:87.23,88.12 1 0
github.com/robertpelloni/bobtrader/ultratrader-go/internal/backtest/optimizer/grid.go:89.13,89.13 0 1
github.com/robertpelloni/bobtrader/ultratrader-go/internal/backtest/optimizer/grid.go:92.5,93.19 2 1
github.com/robertpelloni/bobtrader/ultratrader-go/internal/backtest/optimizer/grid.go:93.19,94.14 1 0
github.com/robertpelloni/bobtrader/ultratrader-go/internal/backtest/optimizer/grid.go:97.5,99.19 3 1
github.com/robertpelloni/bobtrader/ultratrader-go/internal/backtest/optimizer/grid.go:99.19,100.14 1 0
github.com/robertpelloni/bobtrader/ultratrader-go/internal/backtest/optimizer/grid.go:103.5,107.6 1 1
github.com/robertpelloni/bobtrader/ultratrader-go/internal/backtest/optimizer/grid.go:113.2,113.26 1 1
github.com/robertpelloni/bobtrader/ultratrader-go/internal/backtest/optimizer/grid.go:113.26,115.3 1 1
github.com/robertpelloni/bobtrader/ultratrader-go/internal/backtest/optimizer/grid.go:116.2,119.12 2 1
github.com/robertpelloni/bobtrader/ultratrader-go/internal/backtest/optimizer/grid.go:119.12,122.3 2 1
github.com/robertpelloni/bobtrader/ultratrader-go/internal/backtest/optimizer/grid.go:125.2,126.27 2 1
github.com/robertpelloni/bobtrader/ultratrader-go/internal/backtest/optimizer/grid.go:126.27,128.3 1 1
github.com/robertpelloni/bobtrader/ultratrader-go/internal/backtest/optimizer/grid.go:131.2,131.48 1 1
github.com/robertpelloni/bobtrader/ultratrader-go/internal/backtest/optimizer/grid.go:131.48,133.3 1 1
github.com/robertpelloni/bobtrader/ultratrader-go/internal/backtest/optimizer/grid.go:135.2,135.21 1 1
github.com/robertpelloni/bobtrader/ultratrader-go/internal/backtest/optimizer/gridsearch.go:19.73,20.22 1 1
github.com/robertpelloni/bobtrader/ultratrader-go/internal/backtest/optimizer/gridsearch.go:20.22,22.3 1 0
github.com/robertpelloni/bobtrader/ultratrader-go/internal/backtest/optimizer/gridsearch.go:24.2,25.24 2 1
github.com/robertpelloni/bobtrader/ultratrader-go/internal/backtest/optimizer/gridsearch.go:25.24,26.26 1 1
github.com/robertpelloni/bobtrader/ultratrader-go/internal/backtest/optimizer/gridsearch.go:26.26,28.4 1 1
github.com/robertpelloni/bobtrader/ultratrader-go/internal/backtest/optimizer/gridsearch.go:29.3,29.36 1 1
github.com/robertpelloni/bobtrader/ultratrader-go/internal/backtest/optimizer/gridsearch.go:29.36,31.4 1 1
github.com/robertpelloni/bobtrader/ultratrader-go/internal/backtest/optimizer/gridsearch.go:32.3,32.25 1 1
github.com/robertpelloni/bobtrader/ultratrader-go/internal/backtest/optimizer/gridsearch.go:35.2,39.51 3 1
github.com/robertpelloni/bobtrader/ultratrader-go/internal/backtest/optimizer/gridsearch.go:39.51,40.23 1 1
github.com/robertpelloni/bobtrader/ultratrader-go/internal/backtest/optimizer/gridsearch.go:40.23,43.33 2 1
github.com/robertpelloni/bobtrader/ultratrader-go/internal/backtest/optimizer/gridsearch.go:43.33,45.5 1 1
github.com/robertpelloni/bobtrader/ultratrader-go/internal/backtest/optimizer/gridsearch.go:46.4,47.10 2 1
github.com/robertpelloni/bobtrader/ultratrader-go/internal/backtest/optimizer/gridsearch.go:50.3,54.58 3 1
github.com/robertpelloni/bobtrader/ultratrader-go/internal/backtest/optimizer/gridsearch.go:54.58,57.4 2 1
github.com/robertpelloni/bobtrader/ultratrader-go/internal/backtest/optimizer/gridsearch.go:60.2,62.18 2 1
github.com/robertpelloni/bobtrader/ultratrader-go/internal/backtest/optimizer/gridsearch.go:77.71,81.2 1 1
github.com/robertpelloni/bobtrader/ultratrader-go/internal/backtest/optimizer/gridsearch.go:84.145,85.20 1 1
github.com/robertpelloni/bobtrader/ultratrader-go/internal/backtest/optimizer/gridsearch.go:85.20,87.3 1 0
github.com/robertpelloni/bobtrader/ultratrader-go/internal/backtest/optimizer/gridsearch.go:89.2,89.22 1 1
github.com/robertpelloni/bobtrader/ultratrader-go/internal/backtest/optimizer/gridsearch.go:89.22,91.3 1 0
github.com/robertpelloni/bobtrader/ultratrader-go/internal/backtest/optimizer/gridsearch.go:93.2,97.35 4 1
github.com/robertpelloni/bobtrader/ultratrader-go/internal/backtest/optimizer/gridsearch.go:97.35,99.13 2 1
github.com/robertpelloni/bobtrader/ultratrader-go/internal/backtest/optimizer/gridsearch.go:99.13,101.29 2 1
github.com/robertpelloni/bobtrader/ultratrader-go/internal/backtest/optimizer/gridsearch.go:101.29,103.19 2 1
github.com/robertpelloni/bobtrader/ultratrader-go/internal/backtest/optimizer/gridsearch.go:103.19,105.14 1 0
github.com/robertpelloni/bobtrader/ultratrader-go/internal/backtest/optimizer/gridsearch.go:107.5,107.62 1 1
github.com/robertpelloni/bobtrader/ultratrader-go/internal/backtest/optimizer/gridsearch.go:112.2,112.25 1 1
github.com/robertpelloni/bobtrader/ultratrader-go/internal/backtest/optimizer/gridsearch.go:112.25,114.3 1 1
github.com/robertpelloni/bobtrader/ultratrader-go/internal/backtest/optimizer/gridsearch.go:115.2,118.12 2 1
github.com/robertpelloni/bobtrader/ultratrader-go/internal/backtest/optimizer/gridsearch.go:118.12,121.3 2 1
github.com/robertpelloni/bobtrader/ultratrader-go/internal/backtest/optimizer/gridsearch.go:123.2,124.25 2 1
github.com/robertpelloni/bobtrader/ultratrader-go/internal/backtest/optimizer/gridsearch.go:124.25,126.3 1 1
github.com/robertpelloni/bobtrader/ultratrader-go/internal/backtest/optimizer/gridsearch.go:128.2,128.26 1 1
github.com/robertpelloni/bobtrader/ultratrader-go/internal/backtest/optimizer/gridsearch.go:128.26,130.3 1 0
github.com/robertpelloni/bobtrader/ultratrader-go/internal/backtest/optimizer/gridsearch.go:133.2,133.45 1 1
github.com/robertpelloni/bobtrader/ultratrader-go/internal/backtest/optimizer/gridsearch.go:133.45,135.3 1 1
github.com/robertpelloni/bobtrader/ultratrader-go/internal/backtest/optimizer/gridsearch.go:137.2,137.24 1 1
github.com/robertpelloni/bobtrader/ultratrader-go/internal/backtest/optimizer/montecarlo.go:33.84,34.49 1 1
github.com/robertpelloni/bobtrader/ultratrader-go/internal/backtest/optimizer/montecarlo.go:34.49,36.3 1 0
github.com/robertpelloni/bobtrader/ultratrader-go/internal/backtest/optimizer/montecarlo.go:38.2,46.42 6 1
github.com/robertpelloni/bobtrader/ultratrader-go/internal/backtest/optimizer/montecarlo.go:46.42,52.51 3 1
github.com/robertpelloni/bobtrader/ultratrader-go/internal/backtest/optimizer/montecarlo.go:52.51,54.4 1 1
github.com/robertpelloni/bobtrader/ultratrader-go/internal/backtest/optimizer/montecarlo.go:56.3,61.36 5 1
github.com/robertpelloni/bobtrader/ultratrader-go/internal/backtest/optimizer/montecarlo.go:61.36,66.30 4 1
github.com/robertpelloni/bobtrader/ultratrader-go/internal/backtest/optimizer/montecarlo.go:66.30,68.10 2 1
github.com/robertpelloni/bobtrader/ultratrader-go/internal/backtest/optimizer/montecarlo.go:71.4,71.27 1 1
github.com/robertpelloni/bobtrader/ultratrader-go/internal/backtest/optimizer/montecarlo.go:71.27,73.5 1 1
github.com/robertpelloni/bobtrader/ultratrader-go/internal/backtest/optimizer/montecarlo.go:73.10,75.19 2 1
github.com/robertpelloni/bobtrader/ultratrader-go/internal/backtest/optimizer/montecarlo.go:75.19,77.6 1 1
github.com/robertpelloni/bobtrader/ultratrader-go/internal/backtest/optimizer/montecarlo.go:81.3,81.13 1 1
github.com/robertpelloni/bobtrader/ultratrader-go/internal/backtest/optimizer/montecarlo.go:81.13,85.4 3 1
github.com/robertpelloni/bobtrader/ultratrader-go/internal/backtest/optimizer/montecarlo.go:85.9,88.4 2 1
github.com/robertpelloni/bobtrader/ultratrader-go/internal/backtest/optimizer/montecarlo.go:91.2,104.3 5 1
github.com/robertpelloni/bobtrader/ultratrader-go/internal/backtest/optimizer/optimizer.go:14.53,18.2 1 1
github.com/robertpelloni/bobtrader/ultratrader-go/internal/backtest/optimizer/optimizer.go:37.52,39.2 1 1
github.com/robertpelloni/bobtrader/ultratrader-go/internal/backtest/optimizer/scorers.go:11.37,12.46 1 1
github.com/robertpelloni/bobtrader/ultratrader-go/internal/backtest/optimizer/scorers.go:12.46,13.30 1 1
github.com/robertpelloni/bobtrader/ultratrader-go/internal/backtest/optimizer/scorers.go:13.30,15.4 1 1
github.com/robertpelloni/bobtrader/ultratrader-go/internal/backtest/optimizer/scorers.go:16.3,17.30 2 1
github.com/robertpelloni/bobtrader/ultratrader-go/internal/backtest/optimizer/scorers.go:17.30,19.4 1 1
github.com/robertpelloni/bobtrader/ultratrader-go/internal/backtest/optimizer/scorers.go:20.3,21.16 2 1
github.com/robertpelloni/bobtrader/ultratrader-go/internal/backtest/optimizer/scorers.go:26.43,27.46 1 1
github.com/robertpelloni/bobtrader/ultratrader-go/internal/backtest/optimizer/scorers.go:27.46,28.30 1 1
github.com/robertpelloni/bobtrader/ultratrader-go/internal/backtest/optimizer/scorers.go:28.30,30.4 1 0
github.com/robertpelloni/bobtrader/ultratrader-go/internal/backtest/optimizer/scorers.go:31.3,31.29 1 1
github.com/robertpelloni/bobtrader/ultratrader-go/internal/backtest/optimizer/scorers.go:31.29,33.4 1 1
github.com/robertpelloni/bobtrader/ultratrader-go/internal/backtest/optimizer/scorers.go:34.3,34.35 1 1
github.com/robertpelloni/bobtrader/ultratrader-go/internal/backtest/optimizer/scorers.go:39.38,40.46 1 1
github.com/robertpelloni/bobtrader/ultratrader-go/internal/backtest/optimizer/scorers.go:40.46,41.57 1 1
github.com/robertpelloni/bobtrader/ultratrader-go/internal/backtest/optimizer/scorers.go:41.57,43.4 1 0
github.com/robertpelloni/bobtrader/ultratrader-go/internal/backtest/optimizer/scorers.go:45.3,49.39 4 1
github.com/robertpelloni/bobtrader/ultratrader-go/internal/backtest/optimizer/scorers.go:49.39,50.50 1 1
github.com/robertpelloni/bobtrader/ultratrader-go/internal/backtest/optimizer/scorers.go:50.50,52.5 1 1
github.com/robertpelloni/bobtrader/ultratrader-go/internal/backtest/optimizer/scorers.go:52.10,52.59 1 1
github.com/robertpelloni/bobtrader/ultratrader-go/internal/backtest/optimizer/scorers.go:52.59,54.21 2 1
github.com/robertpelloni/bobtrader/ultratrader-go/internal/backtest/optimizer/scorers.go:54.21,55.30 1 1
github.com/robertpelloni/bobtrader/ultratrader-go/internal/backtest/optimizer/scorers.go:55.30,57.7 1 1
github.com/robertpelloni/bobtrader/ultratrader-go/internal/backtest/optimizer/scorers.go:57.12,59.7 1 1
github.com/robertpelloni/bobtrader/ultratrader-go/internal/backtest/optimizer/scorers.go:60.6,60.18 1 1
github.com/robertpelloni/bobtrader/ultratrader-go/internal/backtest/optimizer/scorers.go:65.3,66.17 2 1
github.com/robertpelloni/bobtrader/ultratrader-go/internal/backtest/optimizer/scorers.go:66.17,68.4 1 0
github.com/robertpelloni/bobtrader/ultratrader-go/internal/backtest/optimizer/scorers.go:69.3,69.40 1 1
github.com/robertpelloni/bobtrader/ultratrader-go/internal/backtest/optimizer/scorers.go:84.44,86.2 1 1
github.com/robertpelloni/bobtrader/ultratrader-go/internal/backtest/optimizer/scorers.go:89.88,92.2 2 1
github.com/robertpelloni/bobtrader/ultratrader-go/internal/backtest/optimizer/scorers.go:95.65,97.31 2 1
github.com/robertpelloni/bobtrader/ultratrader-go/internal/backtest/optimizer/scorers.go:97.31,99.3 1 1
github.com/robertpelloni/bobtrader/ultratrader-go/internal/backtest/optimizer/scorers.go:100.2,100.14 1 1
github.com/robertpelloni/bobtrader/ultratrader-go/internal/backtest/optimizer/scorers.go:104.52,106.2 1 1
github.com/robertpelloni/bobtrader/ultratrader-go/internal/backtest/optimizer/scorers.go:109.41,116.31 7 1
github.com/robertpelloni/bobtrader/ultratrader-go/internal/backtest/optimizer/scorers.go:116.31,119.3 2 1
github.com/robertpelloni/bobtrader/ultratrader-go/internal/backtest/optimizer/scorers.go:120.2,120.24 1 1
github.com/robertpelloni/bobtrader/ultratrader-go/internal/backtest/optimizer/scorers.go:120.24,121.18 1 1
github.com/robertpelloni/bobtrader/ultratrader-go/internal/backtest/optimizer/scorers.go:121.18,123.12 2 1
github.com/robertpelloni/bobtrader/ultratrader-go/internal/backtest/optimizer/scorers.go:125.3,125.33 1 1
github.com/robertpelloni/bobtrader/ultratrader-go/internal/backtest/optimizer/scorers.go:125.33,127.16 2 1
github.com/robertpelloni/bobtrader/ultratrader-go/internal/backtest/optimizer/scorers.go:127.16,129.5 1 1
github.com/robertpelloni/bobtrader/ultratrader-go/internal/backtest/optimizer/scorers.go:129.10,132.5 2 1
github.com/robertpelloni/bobtrader/ultratrader-go/internal/backtest/optimizer/scorers.go:135.2,135.15 1 1
github.com/robertpelloni/bobtrader/ultratrader-go/internal/backtest/optimizer/scorers.go:135.15,137.3 1 1
github.com/robertpelloni/bobtrader/ultratrader-go/internal/backtest/optimizer/scorers.go:138.2,139.9 2 1
github.com/robertpelloni/bobtrader/ultratrader-go/internal/backtest/optimizer/scorers.go:139.9,141.3 1 1
github.com/robertpelloni/bobtrader/ultratrader-go/internal/backtest/optimizer/scorers.go:142.2,142.15 1 1
github.com/robertpelloni/bobtrader/ultratrader-go/internal/backtest/optimizer/walkforward.go:43.94,48.2 1 1
github.com/robertpelloni/bobtrader/ultratrader-go/internal/backtest/optimizer/walkforward.go:51.96,55.6 3 1
github.com/robertpelloni/bobtrader/ultratrader-go/internal/backtest/optimizer/walkforward.go:55.6,60.25 4 1
github.com/robertpelloni/bobtrader/ultratrader-go/internal/backtest/optimizer/walkforward.go:60.25,61.9 1 1
github.com/robertpelloni/bobtrader/ultratrader-go/internal/backtest/optimizer/walkforward.go:64.3,72.58 2 1
github.com/robertpelloni/bobtrader/ultratrader-go/internal/backtest/optimizer/walkforward.go:75.2,75.16 1 1
github.com/robertpelloni/bobtrader/ultratrader-go/internal/backtest/optimizer/walkforward.go:80.93,81.23 1 1
github.com/robertpelloni/bobtrader/ultratrader-go/internal/backtest/optimizer/walkforward.go:81.23,83.3 1 0
github.com/robertpelloni/bobtrader/ultratrader-go/internal/backtest/optimizer/walkforward.go:84.2,84.27 1 1
github.com/robertpelloni/bobtrader/ultratrader-go/internal/backtest/optimizer/walkforward.go:84.27,86.3 1 0
github.com/robertpelloni/bobtrader/ultratrader-go/internal/backtest/optimizer/walkforward.go:88.2,90.28 2 1
github.com/robertpelloni/bobtrader/ultratrader-go/internal/backtest/optimizer/walkforward.go:90.28,96.38 4 1
github.com/robertpelloni/bobtrader/ultratrader-go/internal/backtest/optimizer/walkforward.go:96.38,98.18 2 1
github.com/robertpelloni/bobtrader/ultratrader-go/internal/backtest/optimizer/walkforward.go:98.18,99.13 1 0
github.com/robertpelloni/bobtrader/ultratrader-go/internal/backtest/optimizer/walkforward.go:101.4,101.33 1 1
github.com/robertpelloni/bobtrader/ultratrader-go/internal/backtest/optimizer/walkforward.go:101.33,104.5 2 1
github.com/robertpelloni/bobtrader/ultratrader-go/internal/backtest/optimizer/walkforward.go:107.3,107.24 1 1
github.com/robertpelloni/bobtrader/ultratrader-go/internal/backtest/optimizer/walkforward.go:107.24,109.12 1 0
github.com/robertpelloni/bobtrader/ultratrader-go/internal/backtest/optimizer/walkforward.go:113.3,114.17 2 1
github.com/robertpelloni/bobtrader/ultratrader-go/internal/backtest/optimizer/walkforward.go:114.17,116.4 1 0
github.com/robertpelloni/bobtrader/ultratrader-go/internal/backtest/optimizer/walkforward.go:118.3,122.5 1 1
github.com/robertpelloni/bobtrader/ultratrader-go/internal/backtest/optimizer/walkforward.go:125.2,125.21 1 1
github.com/robertpelloni/bobtrader/ultratrader-go/internal/backtest/optimizer/walkforward.go:129.42,130.23 1 1
github.com/robertpelloni/bobtrader/ultratrader-go/internal/backtest/optimizer/walkforward.go:130.23,132.3 1 0
[...]
github.com/robertpelloni/bobtrader/ultratrader-go/internal/trading/reconciliation/reconciler.go:92.17,100.12 3 0
github.com/robertpelloni/bobtrader/ultratrader-go/internal/trading/reconciliation/reconciler.go:104.3,104.78 1 1
github.com/robertpelloni/bobtrader/ultratrader-go/internal/trading/reconciliation/reconciler.go:104.78,106.4 1 1
github.com/robertpelloni/bobtrader/ultratrader-go/internal/trading/reconciliation/reconciler.go:106.9,113.4 1 1
github.com/robertpelloni/bobtrader/ultratrader-go/internal/trading/reconciliation/reconciler.go:115.3,115.41 1 1
github.com/robertpelloni/bobtrader/ultratrader-go/internal/trading/reconciliation/reconciler.go:116.17,117.19 1 1
github.com/robertpelloni/bobtrader/ultratrader-go/internal/trading/reconciliation/reconciler.go:118.27,119.28 1 0
github.com/robertpelloni/bobtrader/ultratrader-go/internal/trading/reconciliation/reconciler.go:120.19,121.21 1 1
github.com/robertpelloni/bobtrader/ultratrader-go/internal/trading/reconciliation/reconciler.go:122.19,123.21 1 0
github.com/robertpelloni/bobtrader/ultratrader-go/internal/trading/reconciliation/reconciler.go:124.18,125.20 1 0
github.com/robertpelloni/bobtrader/ultratrader-go/internal/trading/reconciliation/reconciler.go:126.11,127.20 1 0
github.com/robertpelloni/bobtrader/ultratrader-go/internal/trading/reconciliation/reconciler.go:131.2,131.20 1 1
github.com/robertpelloni/bobtrader/ultratrader-go/internal/trading/reconciliation/reconciler.go:135.44,138.2 1 1
github.com/robertpelloni/bobtrader/ultratrader-go/internal/trading/reconciliation/reconciler.go:140.44,141.16 1 1
github.com/robertpelloni/bobtrader/ultratrader-go/internal/trading/reconciliation/reconciler.go:142.57,143.18 1 1
github.com/robertpelloni/bobtrader/ultratrader-go/internal/trading/reconciliation/reconciler.go:144.46,145.28 1 0
github.com/robertpelloni/bobtrader/ultratrader-go/internal/trading/reconciliation/reconciler.go:146.51,147.20 1 1
github.com/robertpelloni/bobtrader/ultratrader-go/internal/trading/reconciliation/reconciler.go:148.51,149.20 1 0
github.com/robertpelloni/bobtrader/ultratrader-go/internal/trading/reconciliation/reconciler.go:150.49,151.19 1 0
github.com/robertpelloni/bobtrader/ultratrader-go/internal/trading/reconciliation/reconciler.go:152.49,153.15 1 0
github.com/robertpelloni/bobtrader/ultratrader-go/internal/trading/reconciliation/reconciler.go:154.10,155.16 1 0
github.com/robertpelloni/bobtrader/ultratrader-go/internal/core/app/app.go:69.43,71.16 2 1
github.com/robertpelloni/bobtrader/ultratrader-go/internal/core/app/app.go:71.16,73.3 1 0
github.com/robertpelloni/bobtrader/ultratrader-go/internal/core/app/app.go:75.2,76.16 2 1
github.com/robertpelloni/bobtrader/ultratrader-go/internal/core/app/app.go:76.16,78.3 1 0
github.com/robertpelloni/bobtrader/ultratrader-go/internal/core/app/app.go:80.2,81.16 2 1
github.com/robertpelloni/bobtrader/ultratrader-go/internal/core/app/app.go:81.16,83.3 1 0
github.com/robertpelloni/bobtrader/ultratrader-go/internal/core/app/app.go:85.2,86.16 2 1
github.com/robertpelloni/bobtrader/ultratrader-go/internal/core/app/app.go:86.16,88.3 1 0
github.com/robertpelloni/bobtrader/ultratrader-go/internal/core/app/app.go:90.2,91.16 2 1
github.com/robertpelloni/bobtrader/ultratrader-go/internal/core/app/app.go:91.16,93.3 1 0
github.com/robertpelloni/bobtrader/ultratrader-go/internal/core/app/app.go:95.2,95.62 1 1
github.com/robertpelloni/bobtrader/ultratrader-go/internal/core/app/app.go:95.62,100.3 4 0
github.com/robertpelloni/bobtrader/ultratrader-go/internal/core/app/app.go:102.2,103.16 2 1
github.com/robertpelloni/bobtrader/ultratrader-go/internal/core/app/app.go:103.16,105.3 1 0
github.com/robertpelloni/bobtrader/ultratrader-go/internal/core/app/app.go:108.2,109.63 2 1
github.com/robertpelloni/bobtrader/ultratrader-go/internal/core/app/app.go:109.63,109.93 1 1
github.com/robertpelloni/bobtrader/ultratrader-go/internal/core/app/app.go:109.107,111.3 1 0
github.com/robertpelloni/bobtrader/ultratrader-go/internal/core/app/app.go:112.2,112.65 1 1
github.com/robertpelloni/bobtrader/ultratrader-go/internal/core/app/app.go:112.65,112.118 1 0
github.com/robertpelloni/bobtrader/ultratrader-go/internal/core/app/app.go:112.132,114.3 1 0
github.com/robertpelloni/bobtrader/ultratrader-go/internal/core/app/app.go:115.2,115.117 1 1
github.com/robertpelloni/bobtrader/ultratrader-go/internal/core/app/app.go:115.117,121.3 1 1
github.com/robertpelloni/bobtrader/ultratrader-go/internal/core/app/app.go:121.17,123.3 1 0
github.com/robertpelloni/bobtrader/ultratrader-go/internal/core/app/app.go:126.2,130.25 3 1
github.com/robertpelloni/bobtrader/ultratrader-go/internal/core/app/app.go:130.25,132.3 1 0
github.com/robertpelloni/bobtrader/ultratrader-go/internal/core/app/app.go:133.2,134.76 2 1
github.com/robertpelloni/bobtrader/ultratrader-go/internal/core/app/app.go:134.76,134.103 1 1
github.com/robertpelloni/bobtrader/ultratrader-go/internal/core/app/app.go:134.117,136.3 1 0
github.com/robertpelloni/bobtrader/ultratrader-go/internal/core/app/app.go:139.2,160.36 7 1
github.com/robertpelloni/bobtrader/ultratrader-go/internal/core/app/app.go:160.36,161.90 1 1
github.com/robertpelloni/bobtrader/ultratrader-go/internal/core/app/app.go:161.90,163.9 2 1
github.com/robertpelloni/bobtrader/ultratrader-go/internal/core/app/app.go:166.2,166.28 1 1
github.com/robertpelloni/bobtrader/ultratrader-go/internal/core/app/app.go:166.28,167.37 1 1
github.com/robertpelloni/bobtrader/ultratrader-go/internal/core/app/app.go:167.37,168.20 1 1
github.com/robertpelloni/bobtrader/ultratrader-go/internal/core/app/app.go:168.20,170.10 2 1
github.com/robertpelloni/bobtrader/ultratrader-go/internal/core/app/app.go:174.2,174.28 1 1
github.com/robertpelloni/bobtrader/ultratrader-go/internal/core/app/app.go:174.28,176.3 1 0
github.com/robertpelloni/bobtrader/ultratrader-go/internal/core/app/app.go:179.2,180.103 2 1
github.com/robertpelloni/bobtrader/ultratrader-go/internal/core/app/app.go:180.103,182.3 1 0
github.com/robertpelloni/bobtrader/ultratrader-go/internal/core/app/app.go:183.2,201.28 8 1
github.com/robertpelloni/bobtrader/ultratrader-go/internal/core/app/app.go:201.28,202.37 1 1
github.com/robertpelloni/bobtrader/ultratrader-go/internal/core/app/app.go:202.37,203.81 1 1
github.com/robertpelloni/bobtrader/ultratrader-go/internal/core/app/app.go:203.81,211.10 4 1
github.com/robertpelloni/bobtrader/ultratrader-go/internal/core/app/app.go:217.2,227.63 3 1
github.com/robertpelloni/bobtrader/ultratrader-go/internal/core/app/app.go:227.63,243.3 1 1
github.com/robertpelloni/bobtrader/ultratrader-go/internal/core/app/app.go:244.2,248.36 3 1
github.com/robertpelloni/bobtrader/ultratrader-go/internal/core/app/app.go:248.36,254.3 2 1
github.com/robertpelloni/bobtrader/ultratrader-go/internal/core/app/app.go:254.8,254.50 1 1
github.com/robertpelloni/bobtrader/ultratrader-go/internal/core/app/app.go:254.50,259.3 2 0
github.com/robertpelloni/bobtrader/ultratrader-go/internal/core/app/app.go:259.8,263.3 1 1
github.com/robertpelloni/bobtrader/ultratrader-go/internal/core/app/app.go:266.2,266.52 1 1
github.com/robertpelloni/bobtrader/ultratrader-go/internal/core/app/app.go:266.52,268.3 1 0
github.com/robertpelloni/bobtrader/ultratrader-go/internal/core/app/app.go:269.2,269.47 1 1
github.com/robertpelloni/bobtrader/ultratrader-go/internal/core/app/app.go:269.47,273.42 4 0
github.com/robertpelloni/bobtrader/ultratrader-go/internal/core/app/app.go:273.42,274.20 1 0
github.com/robertpelloni/bobtrader/ultratrader-go/internal/core/app/app.go:274.20,277.5 2 0
github.com/robertpelloni/bobtrader/ultratrader-go/internal/core/app/app.go:279.3,279.27 1 0
github.com/robertpelloni/bobtrader/ultratrader-go/internal/core/app/app.go:282.2,283.41 1 1
github.com/robertpelloni/bobtrader/ultratrader-go/internal/core/app/app.go:283.41,285.4 1 1
github.com/robertpelloni/bobtrader/ultratrader-go/internal/core/app/app.go:286.55,294.4 1 0
github.com/robertpelloni/bobtrader/ultratrader-go/internal/core/app/app.go:295.61,303.4 1 0
github.com/robertpelloni/bobtrader/ultratrader-go/internal/core/app/app.go:304.53,304.84 1 0
github.com/robertpelloni/bobtrader/ultratrader-go/internal/core/app/app.go:305.54,305.88 1 0
github.com/robertpelloni/bobtrader/ultratrader-go/internal/core/app/app.go:306.69,311.4 1 0
github.com/robertpelloni/bobtrader/ultratrader-go/internal/core/app/app.go:312.67,323.4 2 0
github.com/robertpelloni/bobtrader/ultratrader-go/internal/core/app/app.go:324.47,324.83 1 0
github.com/robertpelloni/bobtrader/ultratrader-go/internal/core/app/app.go:325.39,325.66 1 0
github.com/robertpelloni/bobtrader/ultratrader-go/internal/core/app/app.go:326.48,334.4 1 0
github.com/robertpelloni/bobtrader/ultratrader-go/internal/core/app/app.go:335.59,337.18 2 0
github.com/robertpelloni/bobtrader/ultratrader-go/internal/core/app/app.go:337.18,339.5 1 0
github.com/robertpelloni/bobtrader/ultratrader-go/internal/core/app/app.go:340.4,340.17 1 0
github.com/robertpelloni/bobtrader/ultratrader-go/internal/core/app/app.go:342.78,344.18 2 0
github.com/robertpelloni/bobtrader/ultratrader-go/internal/core/app/app.go:344.18,346.5 1 0
github.com/robertpelloni/bobtrader/ultratrader-go/internal/core/app/app.go:347.4,347.18 1 0
github.com/robertpelloni/bobtrader/ultratrader-go/internal/core/app/app.go:349.65,349.95 1 0
github.com/robertpelloni/bobtrader/ultratrader-go/internal/core/app/app.go:350.57,350.89 1 0
github.com/robertpelloni/bobtrader/ultratrader-go/internal/core/app/app.go:351.67,351.105 1 0
github.com/robertpelloni/bobtrader/ultratrader-go/internal/core/app/app.go:352.45,353.70 1 0
github.com/robertpelloni/bobtrader/ultratrader-go/internal/core/app/app.go:353.70,356.26 3 0
github.com/robertpelloni/bobtrader/ultratrader-go/internal/core/app/app.go:356.26,358.6 1 0
github.com/robertpelloni/bobtrader/ultratrader-go/internal/core/app/app.go:359.5,363.6 1 0
github.com/robertpelloni/bobtrader/ultratrader-go/internal/core/app/app.go:365.4,365.62 1 0
github.com/robertpelloni/bobtrader/ultratrader-go/internal/core/app/app.go:369.2,370.24 2 1
github.com/robertpelloni/bobtrader/ultratrader-go/internal/core/app/app.go:370.24,372.3 1 1
github.com/robertpelloni/bobtrader/ultratrader-go/internal/core/app/app.go:374.2,400.8 1 1
github.com/robertpelloni/bobtrader/ultratrader-go/internal/core/app/app.go:406.91,407.36 1 1
github.com/robertpelloni/bobtrader/ultratrader-go/internal/core/app/app.go:407.36,408.74 1 1
github.com/robertpelloni/bobtrader/ultratrader-go/internal/core/app/app.go:408.74,411.33 2 1
github.com/robertpelloni/bobtrader/ultratrader-go/internal/core/app/app.go:412.27,415.18 3 0
github.com/robertpelloni/bobtrader/ultratrader-go/internal/core/app/app.go:416.12,419.20 3 1
github.com/robertpelloni/bobtrader/ultratrader-go/internal/core/app/app.go:423.2,424.30 2 1
github.com/robertpelloni/bobtrader/ultratrader-go/internal/core/app/app.go:440.21,442.23 2 1
github.com/robertpelloni/bobtrader/ultratrader-go/internal/core/app/app.go:442.23,444.3 1 0
github.com/robertpelloni/bobtrader/ultratrader-go/internal/core/app/app.go:446.2,448.68 3 1
github.com/robertpelloni/bobtrader/ultratrader-go/internal/core/app/app.go:448.68,450.3 1 1
github.com/robertpelloni/bobtrader/ultratrader-go/internal/core/app/app.go:452.2,454.37 2 1
github.com/robertpelloni/bobtrader/ultratrader-go/internal/core/app/app.go:454.37,455.46 1 1
github.com/robertpelloni/bobtrader/ultratrader-go/internal/core/app/app.go:455.46,457.4 1 0
github.com/robertpelloni/bobtrader/ultratrader-go/internal/core/app/app.go:458.3,458.51 1 1
github.com/robertpelloni/bobtrader/ultratrader-go/internal/core/app/app.go:458.51,459.17 1 1
github.com/robertpelloni/bobtrader/ultratrader-go/internal/core/app/app.go:459.17,461.5 1 1
github.com/robertpelloni/bobtrader/ultratrader-go/internal/core/app/app.go:463.3,463.15 1 1
github.com/robertpelloni/bobtrader/ultratrader-go/internal/core/app/app.go:466.2,466.28 1 1
github.com/robertpelloni/bobtrader/ultratrader-go/internal/core/app/app.go:467.20,469.34 1 1
github.com/robertpelloni/bobtrader/ultratrader-go/internal/core/app/app.go:469.34,471.38 1 1
github.com/robertpelloni/bobtrader/ultratrader-go/internal/core/app/app.go:471.38,475.5 3 0
github.com/robertpelloni/bobtrader/ultratrader-go/internal/core/app/app.go:478.4,478.44 1 1
github.com/robertpelloni/bobtrader/ultratrader-go/internal/core/app/app.go:478.44,482.5 3 0
github.com/robertpelloni/bobtrader/ultratrader-go/internal/core/app/app.go:485.4,485.33 1 1
github.com/robertpelloni/bobtrader/ultratrader-go/internal/core/app/app.go:485.33,489.5 3 1
github.com/robertpelloni/bobtrader/ultratrader-go/internal/core/app/app.go:492.4,492.43 1 1
github.com/robertpelloni/bobtrader/ultratrader-go/internal/core/app/app.go:492.43,496.5 3 0
github.com/robertpelloni/bobtrader/ultratrader-go/internal/core/app/app.go:499.4,511.39 3 1
github.com/robertpelloni/bobtrader/ultratrader-go/internal/core/app/app.go:511.39,515.5 3 0
github.com/robertpelloni/bobtrader/ultratrader-go/internal/core/app/app.go:518.4,518.39 1 1
github.com/robertpelloni/bobtrader/ultratrader-go/internal/core/app/app.go:518.39,522.5 3 0
github.com/robertpelloni/bobtrader/ultratrader-go/internal/core/app/app.go:525.4,525.36 1 1
github.com/robertpelloni/bobtrader/ultratrader-go/internal/core/app/app.go:525.36,529.5 3 0
github.com/robertpelloni/bobtrader/ultratrader-go/internal/core/app/app.go:533.4,533.40 1 1
github.com/robertpelloni/bobtrader/ultratrader-go/internal/core/app/app.go:533.40,536.5 2 0
github.com/robertpelloni/bobtrader/ultratrader-go/internal/core/app/app.go:542.3,542.29 1 1
github.com/robertpelloni/bobtrader/ultratrader-go/internal/core/app/app.go:542.29,548.4 2 0
github.com/robertpelloni/bobtrader/ultratrader-go/internal/core/app/app.go:553.3,553.29 1 1
github.com/robertpelloni/bobtrader/ultratrader-go/internal/core/app/app.go:553.29,559.4 2 0
github.com/robertpelloni/bobtrader/ultratrader-go/internal/core/app/app.go:567.3,578.34 8 1
github.com/robertpelloni/bobtrader/ultratrader-go/internal/core/app/app.go:578.34,579.51 1 0
github.com/robertpelloni/bobtrader/ultratrader-go/internal/core/app/app.go:579.51,583.5 3 0
github.com/robertpelloni/bobtrader/ultratrader-go/internal/core/app/app.go:587.3,587.50 1 1
github.com/robertpelloni/bobtrader/ultratrader-go/internal/core/app/app.go:587.50,589.32 1 1
github.com/robertpelloni/bobtrader/ultratrader-go/internal/core/app/app.go:589.32,593.5 3 0
github.com/robertpelloni/bobtrader/ultratrader-go/internal/core/app/app.go:596.4,596.33 1 1
github.com/robertpelloni/bobtrader/ultratrader-go/internal/core/app/app.go:596.33,600.5 3 0
github.com/robertpelloni/bobtrader/ultratrader-go/internal/core/app/app.go:603.4,603.31 1 1
github.com/robertpelloni/bobtrader/ultratrader-go/internal/core/app/app.go:603.31,607.5 3 0
github.com/robertpelloni/bobtrader/ultratrader-go/internal/core/app/app.go:610.23,611.34 1 0
github.com/robertpelloni/bobtrader/ultratrader-go/internal/core/app/app.go:611.34,627.4 6 0
github.com/robertpelloni/bobtrader/ultratrader-go/internal/core/app/app.go:629.10,630.34 1 1
github.com/robertpelloni/bobtrader/ultratrader-go/internal/core/app/app.go:630.34,633.4 2 1
github.com/robertpelloni/bobtrader/ultratrader-go/internal/core/app/app.go:636.2,636.43 1 1
github.com/robertpelloni/bobtrader/ultratrader-go/internal/core/app/app.go:639.29,640.21 1 1
github.com/robertpelloni/bobtrader/ultratrader-go/internal/core/app/app.go:640.21,642.3 1 1
github.com/robertpelloni/bobtrader/ultratrader-go/internal/core/app/app.go:643.2,643.12 1 0
github.com/robertpelloni/bobtrader/ultratrader-go/internal/core/app/app.go:646.48,658.17 2 1
github.com/robertpelloni/bobtrader/ultratrader-go/internal/core/app/app.go:658.17,660.3 1 0
github.com/robertpelloni/bobtrader/ultratrader-go/internal/core/app/app.go:662.2,662.47 1 1
github.com/robertpelloni/bobtrader/ultratrader-go/internal/core/app/app.go:662.47,668.18 1 1
github.com/robertpelloni/bobtrader/ultratrader-go/internal/core/app/app.go:668.18,670.4 1 0
github.com/robertpelloni/bobtrader/ultratrader-go/internal/core/app/app.go:673.2,673.26 1 1
github.com/robertpelloni/bobtrader/ultratrader-go/internal/core/app/app.go:673.26,674.50 1 1
github.com/robertpelloni/bobtrader/ultratrader-go/internal/core/app/app.go:674.50,676.4 1 0
github.com/robertpelloni/bobtrader/ultratrader-go/internal/core/app/app.go:677.3,677.92 1 1
github.com/robertpelloni/bobtrader/ultratrader-go/internal/core/app/app.go:681.2,683.32 2 1
github.com/robertpelloni/bobtrader/ultratrader-go/internal/core/app/app.go:683.32,689.3 2 1
github.com/robertpelloni/bobtrader/ultratrader-go/internal/core/app/app.go:691.2,691.51 1 1
github.com/robertpelloni/bobtrader/ultratrader-go/internal/core/app/app.go:691.51,693.3 1 0
github.com/robertpelloni/bobtrader/ultratrader-go/internal/core/app/app.go:695.2,707.115 2 1
github.com/robertpelloni/bobtrader/ultratrader-go/internal/core/app/app.go:707.115,709.3 1 0
github.com/robertpelloni/bobtrader/ultratrader-go/internal/core/app/app.go:711.2,712.12 2 1
github.com/robertpelloni/bobtrader/ultratrader-go/internal/core/app/app.go:715.51,717.28 1 1
github.com/robertpelloni/bobtrader/ultratrader-go/internal/core/app/app.go:717.28,719.3 1 1
github.com/robertpelloni/bobtrader/ultratrader-go/internal/core/app/app.go:720.2,729.26 2 1
github.com/robertpelloni/bobtrader/ultratrader-go/internal/core/app/app.go:729.26,730.53 1 1
github.com/robertpelloni/bobtrader/ultratrader-go/internal/core/app/app.go:730.53,732.4 1 0
github.com/robertpelloni/bobtrader/ultratrader-go/internal/core/app/app.go:735.2,735.18 1 1
github.com/robertpelloni/bobtrader/ultratrader-go/internal/core/app/app.go:738.38,738.62 1 0
github.com/robertpelloni/bobtrader/ultratrader-go/internal/core/app/app.go:740.32,741.26 1 1
github.com/robertpelloni/bobtrader/ultratrader-go/internal/core/app/app.go:741.26,743.3 1 1
github.com/robertpelloni/bobtrader/ultratrader-go/internal/core/app/app.go:744.2,744.11 1 0
github.com/robertpelloni/bobtrader/ultratrader-go/internal/core/app/app.go:747.67,749.41 1 1
github.com/robertpelloni/bobtrader/ultratrader-go/internal/core/app/app.go:749.41,750.50 1 1
github.com/robertpelloni/bobtrader/ultratrader-go/internal/core/app/app.go:750.50,751.12 1 1
github.com/robertpelloni/bobtrader/ultratrader-go/internal/core/app/app.go:755.3,763.17 3 0
github.com/robertpelloni/bobtrader/ultratrader-go/internal/core/app/app.go:763.17,765.12 2 0
github.com/robertpelloni/bobtrader/ultratrader-go/internal/core/app/app.go:769.3,770.31 2 0
github.com/robertpelloni/bobtrader/ultratrader-go/internal/core/app/app.go:770.31,772.4 1 0
github.com/robertpelloni/bobtrader/ultratrader-go/internal/core/app/app.go:774.3,774.41 1 0
github.com/robertpelloni/bobtrader/ultratrader-go/internal/core/app/app.go:774.41,777.41 2 0
github.com/robertpelloni/bobtrader/ultratrader-go/internal/core/app/app.go:777.41,779.5 1 0
github.com/robertpelloni/bobtrader/ultratrader-go/internal/core/app/app.go:779.10,779.47 1 0
github.com/robertpelloni/bobtrader/ultratrader-go/internal/core/app/app.go:779.47,781.5 1 0
github.com/robertpelloni/bobtrader/ultratrader-go/internal/core/app/app.go:784.4,784.33 1 0
github.com/robertpelloni/bobtrader/ultratrader-go/internal/core/app/app.go:784.33,785.65 1 0
github.com/robertpelloni/bobtrader/ultratrader-go/internal/core/app/app.go:785.65,792.41 5 0
github.com/robertpelloni/bobtrader/ultratrader-go/internal/core/app/app.go:792.41,794.7 1 0
github.com/robertpelloni/bobtrader/ultratrader-go/internal/core/app/app.go:794.12,794.48 1 0
github.com/robertpelloni/bobtrader/ultratrader-go/internal/core/app/app.go:794.48,796.7 1 0
github.com/robertpelloni/bobtrader/ultratrader-go/internal/core/app/app.go:798.6,798.23 1 0
github.com/robertpelloni/bobtrader/ultratrader-go/internal/core/app/app.go:798.23,801.21 2 0
github.com/robertpelloni/bobtrader/ultratrader-go/internal/core/app/app.go:801.21,803.8 1 0
github.com/robertpelloni/bobtrader/ultratrader-go/internal/core/app/app.go:806.7,818.9 2 0
